{"D:\\sw_project\\Front-end\\src\\pages\\connectionpage\\ConnectionPage.jsx": {"path":"D:\\sw_project\\Front-end\\src\\pages\\connectionpage\\ConnectionPage.jsx","all":false,"statementMap":{"0":{"start":{"line":1,"column":0},"end":{"line":1,"column":51}},"1":{"start":{"line":2,"column":0},"end":{"line":2,"column":57}},"2":{"start":{"line":3,"column":0},"end":{"line":3,"column":49}},"4":{"start":{"line":5,"column":0},"end":{"line":5,"column":27}},"5":{"start":{"line":6,"column":0},"end":{"line":6,"column":53}},"6":{"start":{"line":7,"column":0},"end":{"line":7,"column":47}},"7":{"start":{"line":8,"column":0},"end":{"line":8,"column":43}},"8":{"start":{"line":9,"column":0},"end":{"line":9,"column":56}},"9":{"start":{"line":10,"column":0},"end":{"line":10,"column":53}},"11":{"start":{"line":12,"column":0},"end":{"line":12,"column":19}},"12":{"start":{"line":13,"column":0},"end":{"line":13,"column":42}},"13":{"start":{"line":14,"column":0},"end":{"line":14,"column":11}},"14":{"start":{"line":15,"column":0},"end":{"line":15,"column":71}},"15":{"start":{"line":16,"column":0},"end":{"line":16,"column":38}},"16":{"start":{"line":17,"column":0},"end":{"line":17,"column":21}},"17":{"start":{"line":18,"column":0},"end":{"line":18,"column":48}},"18":{"start":{"line":19,"column":0},"end":{"line":19,"column":17}},"19":{"start":{"line":20,"column":0},"end":{"line":20,"column":26}},"20":{"start":{"line":21,"column":0},"end":{"line":21,"column":7}},"21":{"start":{"line":22,"column":0},"end":{"line":22,"column":6}},"23":{"start":{"line":24,"column":0},"end":{"line":24,"column":23}},"24":{"start":{"line":25,"column":0},"end":{"line":25,"column":9}},"26":{"start":{"line":27,"column":0},"end":{"line":27,"column":52}},"27":{"start":{"line":28,"column":0},"end":{"line":28,"column":9}},"28":{"start":{"line":29,"column":0},"end":{"line":29,"column":59}},"29":{"start":{"line":30,"column":0},"end":{"line":30,"column":112}},"30":{"start":{"line":31,"column":0},"end":{"line":31,"column":21}},"31":{"start":{"line":32,"column":0},"end":{"line":32,"column":59}},"32":{"start":{"line":33,"column":0},"end":{"line":33,"column":51}},"33":{"start":{"line":34,"column":0},"end":{"line":34,"column":5}},"34":{"start":{"line":35,"column":0},"end":{"line":35,"column":4}},"36":{"start":{"line":37,"column":0},"end":{"line":37,"column":39}},"37":{"start":{"line":38,"column":0},"end":{"line":38,"column":34}},"38":{"start":{"line":39,"column":0},"end":{"line":39,"column":4}},"40":{"start":{"line":41,"column":0},"end":{"line":41,"column":41}},"41":{"start":{"line":42,"column":0},"end":{"line":42,"column":53}},"42":{"start":{"line":43,"column":0},"end":{"line":43,"column":4}},"45":{"start":{"line":46,"column":0},"end":{"line":46,"column":61}},"46":{"start":{"line":47,"column":0},"end":{"line":47,"column":37}},"47":{"start":{"line":48,"column":0},"end":{"line":48,"column":59}},"48":{"start":{"line":49,"column":0},"end":{"line":49,"column":40}},"49":{"start":{"line":50,"column":0},"end":{"line":50,"column":78}},"50":{"start":{"line":51,"column":0},"end":{"line":51,"column":39}},"51":{"start":{"line":52,"column":0},"end":{"line":52,"column":63}},"52":{"start":{"line":53,"column":0},"end":{"line":53,"column":63}},"53":{"start":{"line":54,"column":0},"end":{"line":54,"column":48}},"54":{"start":{"line":55,"column":0},"end":{"line":55,"column":5}},"55":{"start":{"line":56,"column":0},"end":{"line":56,"column":13}},"56":{"start":{"line":57,"column":0},"end":{"line":57,"column":5}},"59":{"start":{"line":60,"column":0},"end":{"line":60,"column":70}},"60":{"start":{"line":61,"column":0},"end":{"line":61,"column":59}},"61":{"start":{"line":62,"column":0},"end":{"line":62,"column":4}},"63":{"start":{"line":64,"column":0},"end":{"line":64,"column":10}},"64":{"start":{"line":65,"column":0},"end":{"line":65,"column":85}},"65":{"start":{"line":66,"column":0},"end":{"line":66,"column":40}},"67":{"start":{"line":68,"column":0},"end":{"line":68,"column":135}},"68":{"start":{"line":69,"column":0},"end":{"line":69,"column":54}},"69":{"start":{"line":70,"column":0},"end":{"line":70,"column":96}},"70":{"start":{"line":71,"column":0},"end":{"line":71,"column":15}},"73":{"start":{"line":74,"column":0},"end":{"line":74,"column":66}},"75":{"start":{"line":76,"column":0},"end":{"line":76,"column":56}},"76":{"start":{"line":77,"column":0},"end":{"line":77,"column":108}},"77":{"start":{"line":78,"column":0},"end":{"line":78,"column":45}},"78":{"start":{"line":79,"column":0},"end":{"line":79,"column":23}},"79":{"start":{"line":80,"column":0},"end":{"line":80,"column":29}},"80":{"start":{"line":81,"column":0},"end":{"line":81,"column":32}},"81":{"start":{"line":82,"column":0},"end":{"line":82,"column":45}},"82":{"start":{"line":83,"column":0},"end":{"line":83,"column":249}},"84":{"start":{"line":85,"column":0},"end":{"line":85,"column":121}},"85":{"start":{"line":86,"column":0},"end":{"line":86,"column":113}},"86":{"start":{"line":87,"column":0},"end":{"line":87,"column":111}},"87":{"start":{"line":88,"column":0},"end":{"line":88,"column":25}},"88":{"start":{"line":89,"column":0},"end":{"line":89,"column":105}},"89":{"start":{"line":90,"column":0},"end":{"line":90,"column":23}},"90":{"start":{"line":91,"column":0},"end":{"line":91,"column":74}},"91":{"start":{"line":92,"column":0},"end":{"line":92,"column":32}},"92":{"start":{"line":93,"column":0},"end":{"line":93,"column":42}},"93":{"start":{"line":94,"column":0},"end":{"line":94,"column":39}},"95":{"start":{"line":96,"column":0},"end":{"line":96,"column":108}},"96":{"start":{"line":97,"column":0},"end":{"line":97,"column":24}},"97":{"start":{"line":98,"column":0},"end":{"line":98,"column":22}},"98":{"start":{"line":99,"column":0},"end":{"line":99,"column":20}},"99":{"start":{"line":100,"column":0},"end":{"line":100,"column":18}},"102":{"start":{"line":103,"column":0},"end":{"line":103,"column":38}},"103":{"start":{"line":104,"column":0},"end":{"line":104,"column":20}},"104":{"start":{"line":105,"column":0},"end":{"line":105,"column":27}},"105":{"start":{"line":106,"column":0},"end":{"line":106,"column":44}},"106":{"start":{"line":107,"column":0},"end":{"line":107,"column":35}},"107":{"start":{"line":108,"column":0},"end":{"line":108,"column":45}},"108":{"start":{"line":109,"column":0},"end":{"line":109,"column":199}},"109":{"start":{"line":110,"column":0},"end":{"line":110,"column":16}},"110":{"start":{"line":111,"column":0},"end":{"line":111,"column":213}},"111":{"start":{"line":112,"column":0},"end":{"line":112,"column":133}},"112":{"start":{"line":113,"column":0},"end":{"line":113,"column":20}},"113":{"start":{"line":114,"column":0},"end":{"line":114,"column":18}},"114":{"start":{"line":115,"column":0},"end":{"line":115,"column":16}},"115":{"start":{"line":116,"column":0},"end":{"line":116,"column":14}},"118":{"start":{"line":119,"column":0},"end":{"line":119,"column":101}},"119":{"start":{"line":120,"column":0},"end":{"line":120,"column":93}},"122":{"start":{"line":123,"column":0},"end":{"line":123,"column":32}},"123":{"start":{"line":124,"column":0},"end":{"line":124,"column":37}},"124":{"start":{"line":125,"column":0},"end":{"line":125,"column":61}},"125":{"start":{"line":126,"column":0},"end":{"line":126,"column":43}},"126":{"start":{"line":127,"column":0},"end":{"line":127,"column":31}},"127":{"start":{"line":128,"column":0},"end":{"line":128,"column":54}},"128":{"start":{"line":129,"column":0},"end":{"line":129,"column":48}},"129":{"start":{"line":130,"column":0},"end":{"line":130,"column":50}},"130":{"start":{"line":131,"column":0},"end":{"line":131,"column":104}},"131":{"start":{"line":132,"column":0},"end":{"line":132,"column":76}},"132":{"start":{"line":133,"column":0},"end":{"line":133,"column":35}},"133":{"start":{"line":134,"column":0},"end":{"line":134,"column":34}},"134":{"start":{"line":135,"column":0},"end":{"line":135,"column":43}},"135":{"start":{"line":136,"column":0},"end":{"line":136,"column":45}},"136":{"start":{"line":137,"column":0},"end":{"line":137,"column":37}},"137":{"start":{"line":138,"column":0},"end":{"line":138,"column":20}},"138":{"start":{"line":139,"column":0},"end":{"line":139,"column":18}},"139":{"start":{"line":140,"column":0},"end":{"line":140,"column":62}},"140":{"start":{"line":141,"column":0},"end":{"line":141,"column":88}},"142":{"start":{"line":143,"column":0},"end":{"line":143,"column":20}},"143":{"start":{"line":144,"column":0},"end":{"line":144,"column":15}},"144":{"start":{"line":145,"column":0},"end":{"line":145,"column":16}},"146":{"start":{"line":147,"column":0},"end":{"line":147,"column":12}},"147":{"start":{"line":148,"column":0},"end":{"line":148,"column":10}},"149":{"start":{"line":150,"column":0},"end":{"line":150,"column":2}},"151":{"start":{"line":152,"column":0},"end":{"line":152,"column":27}}},"s":{"0":1,"1":1,"2":1,"4":1,"5":23,"6":23,"7":23,"8":23,"9":23,"11":23,"12":9,"13":9,"14":9,"15":8,"16":9,"17":1,"18":9,"19":9,"20":9,"21":9,"23":9,"24":23,"26":23,"27":0,"28":0,"29":0,"30":0,"31":0,"32":0,"33":0,"34":0,"36":23,"37":3,"38":3,"40":23,"41":3,"42":3,"45":23,"46":6,"47":3,"48":3,"49":1,"50":3,"51":2,"52":2,"53":2,"54":2,"55":0,"56":23,"59":23,"60":12,"61":23,"63":23,"64":23,"65":23,"67":23,"68":23,"69":23,"70":23,"73":23,"75":23,"76":23,"77":23,"78":23,"79":23,"80":23,"81":23,"82":23,"84":23,"85":23,"86":23,"87":23,"88":23,"89":23,"90":23,"91":23,"92":23,"93":23,"95":23,"96":23,"97":23,"98":23,"99":23,"102":23,"103":23,"104":23,"105":23,"106":23,"107":23,"108":23,"109":23,"110":23,"111":23,"112":23,"113":23,"114":23,"115":23,"118":23,"119":23,"122":23,"123":7,"124":7,"125":9,"126":9,"127":9,"128":9,"129":9,"130":9,"131":9,"132":9,"133":9,"134":9,"135":9,"136":9,"137":9,"138":9,"139":9,"140":3,"142":9,"143":7,"144":7,"146":23,"147":23,"149":23,"151":1},"branchMap":{"0":{"type":"branch","line":5,"loc":{"start":{"line":5,"column":20},"end":{"line":150,"column":2}},"locations":[{"start":{"line":5,"column":20},"end":{"line":150,"column":2}}]},"1":{"type":"branch","line":70,"loc":{"start":{"line":70,"column":83},"end":{"line":70,"column":93}},"locations":[{"start":{"line":70,"column":83},"end":{"line":70,"column":93}}]},"2":{"type":"branch","line":70,"loc":{"start":{"line":70,"column":87},"end":{"line":70,"column":96}},"locations":[{"start":{"line":70,"column":87},"end":{"line":70,"column":96}}]},"3":{"type":"branch","line":119,"loc":{"start":{"line":119,"column":9},"end":{"line":119,"column":101}},"locations":[{"start":{"line":119,"column":9},"end":{"line":119,"column":101}}]},"4":{"type":"branch","line":120,"loc":{"start":{"line":120,"column":9},"end":{"line":120,"column":93}},"locations":[{"start":{"line":120,"column":9},"end":{"line":120,"column":93}}]},"5":{"type":"branch","line":123,"loc":{"start":{"line":123,"column":10},"end":{"line":123,"column":32}},"locations":[{"start":{"line":123,"column":10},"end":{"line":123,"column":32}}]},"6":{"type":"branch","line":123,"loc":{"start":{"line":123,"column":22},"end":{"line":145,"column":16}},"locations":[{"start":{"line":123,"column":22},"end":{"line":145,"column":16}}]},"7":{"type":"branch","line":12,"loc":{"start":{"line":12,"column":12},"end":{"line":25,"column":5}},"locations":[{"start":{"line":12,"column":12},"end":{"line":25,"column":5}}]},"8":{"type":"branch","line":13,"loc":{"start":{"line":13,"column":29},"end":{"line":22,"column":6}},"locations":[{"start":{"line":13,"column":29},"end":{"line":22,"column":6}}]},"9":{"type":"branch","line":15,"loc":{"start":{"line":15,"column":68},"end":{"line":17,"column":15}},"locations":[{"start":{"line":15,"column":68},"end":{"line":17,"column":15}}]},"10":{"type":"branch","line":17,"loc":{"start":{"line":17,"column":6},"end":{"line":19,"column":8}},"locations":[{"start":{"line":17,"column":6},"end":{"line":19,"column":8}}]},"11":{"type":"branch","line":37,"loc":{"start":{"line":37,"column":27},"end":{"line":39,"column":4}},"locations":[{"start":{"line":37,"column":27},"end":{"line":39,"column":4}}]},"12":{"type":"branch","line":41,"loc":{"start":{"line":41,"column":29},"end":{"line":43,"column":4}},"locations":[{"start":{"line":41,"column":29},"end":{"line":43,"column":4}}]},"13":{"type":"branch","line":46,"loc":{"start":{"line":46,"column":50},"end":{"line":57,"column":3}},"locations":[{"start":{"line":46,"column":50},"end":{"line":57,"column":3}}]},"14":{"type":"branch","line":47,"loc":{"start":{"line":47,"column":36},"end":{"line":55,"column":5}},"locations":[{"start":{"line":47,"column":36},"end":{"line":55,"column":5}}]},"15":{"type":"branch","line":49,"loc":{"start":{"line":49,"column":39},"end":{"line":51,"column":15}},"locations":[{"start":{"line":49,"column":39},"end":{"line":51,"column":15}}]},"16":{"type":"branch","line":51,"loc":{"start":{"line":51,"column":4},"end":{"line":55,"column":5}},"locations":[{"start":{"line":51,"column":4},"end":{"line":55,"column":5}}]},"17":{"type":"branch","line":52,"loc":{"start":{"line":52,"column":47},"end":{"line":52,"column":63}},"locations":[{"start":{"line":52,"column":47},"end":{"line":52,"column":63}}]},"18":{"type":"branch","line":53,"loc":{"start":{"line":53,"column":47},"end":{"line":53,"column":63}},"locations":[{"start":{"line":53,"column":47},"end":{"line":53,"column":63}}]},"19":{"type":"branch","line":55,"loc":{"start":{"line":55,"column":4},"end":{"line":56,"column":13}},"locations":[{"start":{"line":55,"column":4},"end":{"line":56,"column":13}}]},"20":{"type":"branch","line":60,"loc":{"start":{"line":60,"column":55},"end":{"line":61,"column":59}},"locations":[{"start":{"line":60,"column":55},"end":{"line":61,"column":59}}]},"21":{"type":"branch","line":125,"loc":{"start":{"line":125,"column":37},"end":{"line":143,"column":20}},"locations":[{"start":{"line":125,"column":37},"end":{"line":143,"column":20}}]},"22":{"type":"branch","line":140,"loc":{"start":{"line":140,"column":56},"end":{"line":141,"column":88}},"locations":[{"start":{"line":140,"column":56},"end":{"line":141,"column":88}}]}},"b":{"0":[23],"1":[20],"2":[3],"3":[15],"4":[1],"5":[8],"6":[7],"7":[9],"8":[9],"9":[8],"10":[1],"11":[3],"12":[3],"13":[6],"14":[3],"15":[1],"16":[2],"17":[0],"18":[0],"19":[0],"20":[12],"21":[9],"22":[3]},"fnMap":{"0":{"name":"Connections","decl":{"start":{"line":5,"column":20},"end":{"line":150,"column":2}},"loc":{"start":{"line":5,"column":20},"end":{"line":150,"column":2}},"line":5},"1":{"name":"fetchConnections","decl":{"start":{"line":13,"column":29},"end":{"line":22,"column":6}},"loc":{"start":{"line":13,"column":29},"end":{"line":22,"column":6}},"line":13},"2":{"name":"handleRemoveConnection","decl":{"start":{"line":27,"column":33},"end":{"line":35,"column":4}},"loc":{"start":{"line":27,"column":33},"end":{"line":35,"column":4}},"line":27},"3":{"name":"handleSortChange","decl":{"start":{"line":37,"column":27},"end":{"line":39,"column":4}},"loc":{"start":{"line":37,"column":27},"end":{"line":39,"column":4}},"line":37},"4":{"name":"handleSearchChange","decl":{"start":{"line":41,"column":29},"end":{"line":43,"column":4}},"loc":{"start":{"line":41,"column":29},"end":{"line":43,"column":4}},"line":41},"5":{"name":"onRemove","decl":{"start":{"line":132,"column":28},"end":{"line":132,"column":76}},"loc":{"start":{"line":132,"column":28},"end":{"line":132,"column":76}},"line":132}},"f":{"0":23,"1":9,"2":0,"3":3,"4":3,"5":0}}
,"D:\\sw_project\\Front-end\\src\\pages\\connectionpage\\components\\ConnectionCard.jsx": {"path":"D:\\sw_project\\Front-end\\src\\pages\\connectionpage\\components\\ConnectionCard.jsx","all":false,"statementMap":{"0":{"start":{"line":1,"column":0},"end":{"line":1,"column":59}},"2":{"start":{"line":3,"column":0},"end":{"line":3,"column":90}},"3":{"start":{"line":4,"column":0},"end":{"line":4,"column":54}},"4":{"start":{"line":5,"column":0},"end":{"line":5,"column":70}},"5":{"start":{"line":6,"column":0},"end":{"line":6,"column":31}},"7":{"start":{"line":8,"column":0},"end":{"line":8,"column":54}},"8":{"start":{"line":9,"column":0},"end":{"line":9,"column":34}},"9":{"start":{"line":10,"column":0},"end":{"line":10,"column":32}},"10":{"start":{"line":11,"column":0},"end":{"line":11,"column":25}},"11":{"start":{"line":12,"column":0},"end":{"line":12,"column":4}},"12":{"start":{"line":13,"column":0},"end":{"line":13,"column":63}},"13":{"start":{"line":14,"column":0},"end":{"line":14,"column":30}},"14":{"start":{"line":15,"column":0},"end":{"line":15,"column":15}},"15":{"start":{"line":16,"column":0},"end":{"line":16,"column":33}},"16":{"start":{"line":17,"column":0},"end":{"line":17,"column":4}},"18":{"start":{"line":19,"column":0},"end":{"line":19,"column":19}},"19":{"start":{"line":20,"column":0},"end":{"line":20,"column":43}},"20":{"start":{"line":21,"column":0},"end":{"line":21,"column":71}},"21":{"start":{"line":22,"column":0},"end":{"line":22,"column":29}},"22":{"start":{"line":23,"column":0},"end":{"line":23,"column":7}},"23":{"start":{"line":24,"column":0},"end":{"line":24,"column":6}},"25":{"start":{"line":26,"column":0},"end":{"line":26,"column":21}},"26":{"start":{"line":27,"column":0},"end":{"line":27,"column":65}},"27":{"start":{"line":28,"column":0},"end":{"line":28,"column":5}},"29":{"start":{"line":30,"column":0},"end":{"line":30,"column":18}},"30":{"start":{"line":31,"column":0},"end":{"line":31,"column":68}},"31":{"start":{"line":32,"column":0},"end":{"line":32,"column":6}},"32":{"start":{"line":33,"column":0},"end":{"line":33,"column":19}},"34":{"start":{"line":35,"column":0},"end":{"line":35,"column":10}},"35":{"start":{"line":36,"column":0},"end":{"line":36,"column":6}},"37":{"start":{"line":38,"column":0},"end":{"line":38,"column":179}},"39":{"start":{"line":40,"column":0},"end":{"line":40,"column":50}},"40":{"start":{"line":41,"column":0},"end":{"line":41,"column":14}},"41":{"start":{"line":42,"column":0},"end":{"line":42,"column":26}},"42":{"start":{"line":43,"column":0},"end":{"line":43,"column":26}},"43":{"start":{"line":44,"column":0},"end":{"line":44,"column":59}},"44":{"start":{"line":45,"column":0},"end":{"line":45,"column":12}},"45":{"start":{"line":46,"column":0},"end":{"line":46,"column":39}},"46":{"start":{"line":47,"column":0},"end":{"line":47,"column":101}},"47":{"start":{"line":48,"column":0},"end":{"line":48,"column":24}},"48":{"start":{"line":49,"column":0},"end":{"line":49,"column":17}},"49":{"start":{"line":50,"column":0},"end":{"line":50,"column":85}},"50":{"start":{"line":51,"column":0},"end":{"line":51,"column":94}},"51":{"start":{"line":52,"column":0},"end":{"line":52,"column":16}},"52":{"start":{"line":53,"column":0},"end":{"line":53,"column":14}},"55":{"start":{"line":56,"column":0},"end":{"line":56,"column":53}},"56":{"start":{"line":57,"column":0},"end":{"line":57,"column":230}},"58":{"start":{"line":59,"column":0},"end":{"line":59,"column":19}},"60":{"start":{"line":61,"column":0},"end":{"line":61,"column":50}},"61":{"start":{"line":62,"column":0},"end":{"line":62,"column":19}},"62":{"start":{"line":63,"column":0},"end":{"line":63,"column":34}},"63":{"start":{"line":64,"column":0},"end":{"line":64,"column":40}},"64":{"start":{"line":65,"column":0},"end":{"line":65,"column":124}},"66":{"start":{"line":67,"column":0},"end":{"line":67,"column":18}},"67":{"start":{"line":68,"column":0},"end":{"line":68,"column":50}},"68":{"start":{"line":69,"column":0},"end":{"line":69,"column":35}},"69":{"start":{"line":70,"column":0},"end":{"line":70,"column":27}},"70":{"start":{"line":71,"column":0},"end":{"line":71,"column":35}},"71":{"start":{"line":72,"column":0},"end":{"line":72,"column":37}},"73":{"start":{"line":74,"column":0},"end":{"line":74,"column":21}},"74":{"start":{"line":75,"column":0},"end":{"line":75,"column":39}},"75":{"start":{"line":76,"column":0},"end":{"line":76,"column":40}},"76":{"start":{"line":77,"column":0},"end":{"line":77,"column":33}},"77":{"start":{"line":78,"column":0},"end":{"line":78,"column":51}},"78":{"start":{"line":79,"column":0},"end":{"line":79,"column":18}},"79":{"start":{"line":80,"column":0},"end":{"line":80,"column":20}},"80":{"start":{"line":81,"column":0},"end":{"line":81,"column":21}},"82":{"start":{"line":83,"column":0},"end":{"line":83,"column":28}},"83":{"start":{"line":84,"column":0},"end":{"line":84,"column":156}},"84":{"start":{"line":85,"column":0},"end":{"line":85,"column":23}},"85":{"start":{"line":86,"column":0},"end":{"line":86,"column":44}},"86":{"start":{"line":87,"column":0},"end":{"line":87,"column":145}},"88":{"start":{"line":89,"column":0},"end":{"line":89,"column":22}},"89":{"start":{"line":90,"column":0},"end":{"line":90,"column":54}},"90":{"start":{"line":91,"column":0},"end":{"line":91,"column":44}},"91":{"start":{"line":92,"column":0},"end":{"line":92,"column":39}},"92":{"start":{"line":93,"column":0},"end":{"line":93,"column":39}},"94":{"start":{"line":95,"column":0},"end":{"line":95,"column":25}},"95":{"start":{"line":96,"column":0},"end":{"line":96,"column":40}},"96":{"start":{"line":97,"column":0},"end":{"line":97,"column":229}},"97":{"start":{"line":98,"column":0},"end":{"line":98,"column":40}},"98":{"start":{"line":99,"column":0},"end":{"line":99,"column":22}},"99":{"start":{"line":100,"column":0},"end":{"line":100,"column":24}},"101":{"start":{"line":102,"column":0},"end":{"line":102,"column":25}},"102":{"start":{"line":103,"column":0},"end":{"line":103,"column":20}},"104":{"start":{"line":105,"column":0},"end":{"line":105,"column":16}},"105":{"start":{"line":106,"column":0},"end":{"line":106,"column":14}},"106":{"start":{"line":107,"column":0},"end":{"line":107,"column":12}},"109":{"start":{"line":110,"column":0},"end":{"line":110,"column":30}},"110":{"start":{"line":111,"column":0},"end":{"line":111,"column":100}},"111":{"start":{"line":112,"column":0},"end":{"line":112,"column":143}},"112":{"start":{"line":113,"column":0},"end":{"line":113,"column":19}},"113":{"start":{"line":114,"column":0},"end":{"line":114,"column":41}},"114":{"start":{"line":115,"column":0},"end":{"line":115,"column":178}},"116":{"start":{"line":117,"column":0},"end":{"line":117,"column":18}},"117":{"start":{"line":118,"column":0},"end":{"line":118,"column":50}},"118":{"start":{"line":119,"column":0},"end":{"line":119,"column":35}},"119":{"start":{"line":120,"column":0},"end":{"line":120,"column":27}},"120":{"start":{"line":121,"column":0},"end":{"line":121,"column":35}},"121":{"start":{"line":122,"column":0},"end":{"line":122,"column":37}},"123":{"start":{"line":124,"column":0},"end":{"line":124,"column":21}},"124":{"start":{"line":125,"column":0},"end":{"line":125,"column":39}},"125":{"start":{"line":126,"column":0},"end":{"line":126,"column":40}},"126":{"start":{"line":127,"column":0},"end":{"line":127,"column":33}},"127":{"start":{"line":128,"column":0},"end":{"line":128,"column":42}},"128":{"start":{"line":129,"column":0},"end":{"line":129,"column":18}},"129":{"start":{"line":130,"column":0},"end":{"line":130,"column":20}},"130":{"start":{"line":131,"column":0},"end":{"line":131,"column":21}},"132":{"start":{"line":133,"column":0},"end":{"line":133,"column":97}},"133":{"start":{"line":134,"column":0},"end":{"line":134,"column":87}},"135":{"start":{"line":136,"column":0},"end":{"line":136,"column":66}},"136":{"start":{"line":137,"column":0},"end":{"line":137,"column":128}},"137":{"start":{"line":138,"column":0},"end":{"line":138,"column":16}},"139":{"start":{"line":140,"column":0},"end":{"line":140,"column":56}},"140":{"start":{"line":141,"column":0},"end":{"line":141,"column":21}},"141":{"start":{"line":142,"column":0},"end":{"line":142,"column":43}},"142":{"start":{"line":143,"column":0},"end":{"line":143,"column":222}},"143":{"start":{"line":144,"column":0},"end":{"line":144,"column":15}},"145":{"start":{"line":146,"column":0},"end":{"line":146,"column":23}},"146":{"start":{"line":147,"column":0},"end":{"line":147,"column":21}},"147":{"start":{"line":148,"column":0},"end":{"line":148,"column":38}},"148":{"start":{"line":149,"column":0},"end":{"line":149,"column":116}},"149":{"start":{"line":150,"column":0},"end":{"line":150,"column":15}},"151":{"start":{"line":152,"column":0},"end":{"line":152,"column":23}},"152":{"start":{"line":153,"column":0},"end":{"line":153,"column":18}},"153":{"start":{"line":154,"column":0},"end":{"line":154,"column":16}},"154":{"start":{"line":155,"column":0},"end":{"line":155,"column":14}},"156":{"start":{"line":157,"column":0},"end":{"line":157,"column":7}},"158":{"start":{"line":159,"column":0},"end":{"line":159,"column":2}},"160":{"start":{"line":161,"column":0},"end":{"line":161,"column":30}}},"s":{"0":1,"2":1,"3":9,"4":9,"5":9,"7":9,"8":9,"9":0,"10":0,"11":0,"12":9,"13":9,"14":0,"15":0,"16":0,"18":9,"19":9,"20":0,"21":0,"22":0,"23":0,"25":9,"26":0,"27":0,"29":9,"30":9,"31":9,"32":9,"34":9,"35":9,"37":9,"39":9,"40":9,"41":9,"42":9,"43":9,"44":9,"45":9,"46":9,"47":9,"48":9,"49":9,"50":9,"51":9,"52":9,"55":9,"56":9,"58":9,"60":9,"61":9,"62":9,"63":9,"64":9,"66":9,"67":9,"68":9,"69":9,"70":9,"71":9,"73":9,"74":9,"75":9,"76":9,"77":9,"78":9,"79":9,"80":9,"82":9,"83":0,"84":0,"85":0,"86":0,"88":0,"89":0,"90":0,"91":0,"92":0,"94":0,"95":0,"96":0,"97":0,"98":0,"99":0,"101":0,"102":0,"104":9,"105":9,"106":9,"109":9,"110":0,"111":0,"112":0,"113":0,"114":0,"116":0,"117":0,"118":0,"119":0,"120":0,"121":0,"123":0,"124":0,"125":0,"126":0,"127":0,"128":0,"129":0,"130":0,"132":0,"133":0,"135":0,"136":0,"137":0,"139":0,"140":0,"141":0,"142":0,"143":0,"145":0,"146":0,"147":0,"148":0,"149":0,"151":0,"152":0,"153":0,"154":0,"156":9,"158":9,"160":1},"branchMap":{"0":{"type":"branch","line":3,"loc":{"start":{"line":3,"column":23},"end":{"line":159,"column":2}},"locations":[{"start":{"line":3,"column":23},"end":{"line":159,"column":2}}]},"1":{"type":"branch","line":83,"loc":{"start":{"line":83,"column":13},"end":{"line":103,"column":20}},"locations":[{"start":{"line":83,"column":13},"end":{"line":103,"column":20}}]},"2":{"type":"branch","line":110,"loc":{"start":{"line":110,"column":7},"end":{"line":155,"column":14}},"locations":[{"start":{"line":110,"column":7},"end":{"line":155,"column":14}}]},"3":{"type":"branch","line":19,"loc":{"start":{"line":19,"column":12},"end":{"line":33,"column":5}},"locations":[{"start":{"line":19,"column":12},"end":{"line":33,"column":5}}]},"4":{"type":"branch","line":26,"loc":{"start":{"line":26,"column":20},"end":{"line":28,"column":5}},"locations":[{"start":{"line":26,"column":20},"end":{"line":28,"column":5}}]},"5":{"type":"branch","line":30,"loc":{"start":{"line":30,"column":11},"end":{"line":32,"column":6}},"locations":[{"start":{"line":30,"column":11},"end":{"line":32,"column":6}}]}},"b":{"0":[9],"1":[0],"2":[0],"3":[9],"4":[0],"5":[9]},"fnMap":{"0":{"name":"ConnectionCard","decl":{"start":{"line":3,"column":23},"end":{"line":159,"column":2}},"loc":{"start":{"line":3,"column":23},"end":{"line":159,"column":2}},"line":3},"1":{"name":"toggleMenu","decl":{"start":{"line":8,"column":21},"end":{"line":8,"column":54}},"loc":{"start":{"line":8,"column":21},"end":{"line":8,"column":54}},"line":8},"2":{"name":"openConfirmation","decl":{"start":{"line":9,"column":27},"end":{"line":12,"column":4}},"loc":{"start":{"line":9,"column":27},"end":{"line":12,"column":4}},"line":9},"3":{"name":"closeConfirmation","decl":{"start":{"line":13,"column":28},"end":{"line":13,"column":63}},"loc":{"start":{"line":13,"column":28},"end":{"line":13,"column":63}},"line":13},"4":{"name":"handleRemove","decl":{"start":{"line":14,"column":23},"end":{"line":17,"column":4}},"loc":{"start":{"line":14,"column":23},"end":{"line":17,"column":4}},"line":14},"5":{"name":"handleClickOutside","decl":{"start":{"line":20,"column":31},"end":{"line":24,"column":6}},"loc":{"start":{"line":20,"column":31},"end":{"line":24,"column":6}},"line":20}},"f":{"0":9,"1":0,"2":0,"3":0,"4":0,"5":0}}
}
