{"C:\\Users\\ASUS\\Desktop\\sw project\\Front-end\\src\\pages\\UserProfile\\Components\\Connections.jsx": {"path":"C:\\Users\\ASUS\\Desktop\\sw project\\Front-end\\src\\pages\\UserProfile\\Components\\Connections.jsx","all":false,"statementMap":{"1":{"start":{"line":2,"column":0},"end":{"line":2,"column":41}},"2":{"start":{"line":3,"column":0},"end":{"line":3,"column":47}},"4":{"start":{"line":5,"column":0},"end":{"line":5,"column":24}},"5":{"start":{"line":6,"column":0},"end":{"line":6,"column":33}},"7":{"start":{"line":8,"column":0},"end":{"line":8,"column":10}},"8":{"start":{"line":9,"column":0},"end":{"line":9,"column":88}},"9":{"start":{"line":10,"column":0},"end":{"line":10,"column":13}},"10":{"start":{"line":11,"column":0},"end":{"line":11,"column":36}},"11":{"start":{"line":12,"column":0},"end":{"line":12,"column":67}},"12":{"start":{"line":13,"column":0},"end":{"line":13,"column":7}},"14":{"start":{"line":15,"column":0},"end":{"line":15,"column":15}},"15":{"start":{"line":16,"column":0},"end":{"line":16,"column":77}},"16":{"start":{"line":17,"column":0},"end":{"line":17,"column":10}},"18":{"start":{"line":19,"column":0},"end":{"line":19,"column":1}},"20":{"start":{"line":21,"column":0},"end":{"line":21,"column":27}}},"s":{"1":1,"2":1,"4":2,"5":2,"7":2,"8":2,"9":2,"10":2,"11":2,"12":2,"14":2,"15":2,"16":2,"18":2,"20":1},"branchMap":{"0":{"type":"branch","line":5,"loc":{"start":{"line":5,"column":0},"end":{"line":19,"column":1}},"locations":[{"start":{"line":5,"column":0},"end":{"line":19,"column":1}}]},"1":{"type":"branch","line":11,"loc":{"start":{"line":11,"column":17},"end":{"line":11,"column":36}},"locations":[{"start":{"line":11,"column":17},"end":{"line":11,"column":36}}]}},"b":{"0":[2],"1":[1]},"fnMap":{"0":{"name":"Connections","decl":{"start":{"line":5,"column":0},"end":{"line":19,"column":1}},"loc":{"start":{"line":5,"column":0},"end":{"line":19,"column":1}},"line":5},"1":{"name":"onClick","decl":{"start":{"line":11,"column":17},"end":{"line":11,"column":36}},"loc":{"start":{"line":11,"column":17},"end":{"line":11,"column":36}},"line":11}},"f":{"0":2,"1":1}}
,"C:\\Users\\ASUS\\Desktop\\sw project\\Front-end\\src\\pages\\UserProfile\\Components\\Footer.jsx": {"path":"C:\\Users\\ASUS\\Desktop\\sw project\\Front-end\\src\\pages\\UserProfile\\Components\\Footer.jsx","all":false,"statementMap":{"0":{"start":{"line":1,"column":0},"end":{"line":1,"column":26}},"1":{"start":{"line":2,"column":0},"end":{"line":2,"column":70}},"3":{"start":{"line":4,"column":0},"end":{"line":4,"column":19}},"4":{"start":{"line":5,"column":0},"end":{"line":5,"column":10}},"5":{"start":{"line":6,"column":0},"end":{"line":6,"column":96}},"6":{"start":{"line":7,"column":0},"end":{"line":7,"column":63}},"7":{"start":{"line":8,"column":0},"end":{"line":8,"column":35}},"8":{"start":{"line":9,"column":0},"end":{"line":9,"column":76}},"10":{"start":{"line":11,"column":0},"end":{"line":11,"column":14}},"11":{"start":{"line":12,"column":0},"end":{"line":12,"column":76}},"13":{"start":{"line":14,"column":0},"end":{"line":14,"column":14}},"14":{"start":{"line":15,"column":0},"end":{"line":15,"column":76}},"16":{"start":{"line":17,"column":0},"end":{"line":17,"column":14}},"17":{"start":{"line":18,"column":0},"end":{"line":18,"column":76}},"19":{"start":{"line":20,"column":0},"end":{"line":20,"column":14}},"20":{"start":{"line":21,"column":0},"end":{"line":21,"column":76}},"22":{"start":{"line":23,"column":0},"end":{"line":23,"column":14}},"23":{"start":{"line":24,"column":0},"end":{"line":24,"column":14}},"26":{"start":{"line":27,"column":0},"end":{"line":27,"column":35}},"27":{"start":{"line":28,"column":0},"end":{"line":28,"column":76}},"29":{"start":{"line":30,"column":0},"end":{"line":30,"column":14}},"30":{"start":{"line":31,"column":0},"end":{"line":31,"column":76}},"32":{"start":{"line":33,"column":0},"end":{"line":33,"column":14}},"33":{"start":{"line":34,"column":0},"end":{"line":34,"column":76}},"35":{"start":{"line":36,"column":0},"end":{"line":36,"column":14}},"36":{"start":{"line":37,"column":0},"end":{"line":37,"column":76}},"38":{"start":{"line":39,"column":0},"end":{"line":39,"column":14}},"39":{"start":{"line":40,"column":0},"end":{"line":40,"column":14}},"42":{"start":{"line":43,"column":0},"end":{"line":43,"column":35}},"43":{"start":{"line":44,"column":0},"end":{"line":44,"column":76}},"45":{"start":{"line":46,"column":0},"end":{"line":46,"column":14}},"46":{"start":{"line":47,"column":0},"end":{"line":47,"column":76}},"48":{"start":{"line":49,"column":0},"end":{"line":49,"column":14}},"49":{"start":{"line":50,"column":0},"end":{"line":50,"column":76}},"51":{"start":{"line":52,"column":0},"end":{"line":52,"column":14}},"52":{"start":{"line":53,"column":0},"end":{"line":53,"column":76}},"54":{"start":{"line":55,"column":0},"end":{"line":55,"column":14}},"55":{"start":{"line":56,"column":0},"end":{"line":56,"column":14}},"58":{"start":{"line":59,"column":0},"end":{"line":59,"column":35}},"59":{"start":{"line":60,"column":0},"end":{"line":60,"column":50}},"60":{"start":{"line":61,"column":0},"end":{"line":61,"column":63}},"61":{"start":{"line":62,"column":0},"end":{"line":62,"column":17}},"62":{"start":{"line":63,"column":0},"end":{"line":63,"column":71}},"63":{"start":{"line":64,"column":0},"end":{"line":64,"column":80}},"65":{"start":{"line":66,"column":0},"end":{"line":66,"column":18}},"66":{"start":{"line":67,"column":0},"end":{"line":67,"column":18}},"67":{"start":{"line":68,"column":0},"end":{"line":68,"column":16}},"69":{"start":{"line":70,"column":0},"end":{"line":70,"column":50}},"70":{"start":{"line":71,"column":0},"end":{"line":71,"column":52}},"71":{"start":{"line":72,"column":0},"end":{"line":72,"column":17}},"72":{"start":{"line":73,"column":0},"end":{"line":73,"column":57}},"74":{"start":{"line":75,"column":0},"end":{"line":75,"column":18}},"75":{"start":{"line":76,"column":0},"end":{"line":76,"column":80}},"77":{"start":{"line":78,"column":0},"end":{"line":78,"column":18}},"78":{"start":{"line":79,"column":0},"end":{"line":79,"column":18}},"79":{"start":{"line":80,"column":0},"end":{"line":80,"column":16}},"81":{"start":{"line":82,"column":0},"end":{"line":82,"column":50}},"82":{"start":{"line":83,"column":0},"end":{"line":83,"column":58}},"83":{"start":{"line":84,"column":0},"end":{"line":84,"column":17}},"84":{"start":{"line":85,"column":0},"end":{"line":85,"column":57}},"86":{"start":{"line":87,"column":0},"end":{"line":87,"column":18}},"87":{"start":{"line":88,"column":0},"end":{"line":88,"column":80}},"89":{"start":{"line":90,"column":0},"end":{"line":90,"column":18}},"90":{"start":{"line":91,"column":0},"end":{"line":91,"column":18}},"91":{"start":{"line":92,"column":0},"end":{"line":92,"column":16}},"92":{"start":{"line":93,"column":0},"end":{"line":93,"column":14}},"95":{"start":{"line":96,"column":0},"end":{"line":96,"column":61}},"96":{"start":{"line":97,"column":0},"end":{"line":97,"column":72}},"97":{"start":{"line":98,"column":0},"end":{"line":98,"column":95}},"98":{"start":{"line":99,"column":0},"end":{"line":99,"column":46}},"99":{"start":{"line":100,"column":0},"end":{"line":100,"column":45}},"100":{"start":{"line":101,"column":0},"end":{"line":101,"column":46}},"101":{"start":{"line":102,"column":0},"end":{"line":102,"column":45}},"102":{"start":{"line":103,"column":0},"end":{"line":103,"column":46}},"103":{"start":{"line":104,"column":0},"end":{"line":104,"column":19}},"104":{"start":{"line":105,"column":0},"end":{"line":105,"column":14}},"105":{"start":{"line":106,"column":0},"end":{"line":106,"column":12}},"108":{"start":{"line":109,"column":0},"end":{"line":109,"column":62}},"110":{"start":{"line":111,"column":0},"end":{"line":111,"column":12}},"111":{"start":{"line":112,"column":0},"end":{"line":112,"column":13}},"113":{"start":{"line":114,"column":0},"end":{"line":114,"column":1}},"115":{"start":{"line":116,"column":0},"end":{"line":116,"column":22}}},"s":{"0":1,"1":1,"3":8,"4":8,"5":8,"6":8,"7":8,"8":8,"10":8,"11":8,"13":8,"14":8,"16":8,"17":8,"19":8,"20":8,"22":8,"23":8,"26":8,"27":8,"29":8,"30":8,"32":8,"33":8,"35":8,"36":8,"38":8,"39":8,"42":8,"43":8,"45":8,"46":8,"48":8,"49":8,"51":8,"52":8,"54":8,"55":8,"58":8,"59":8,"60":8,"61":8,"62":8,"63":8,"65":8,"66":8,"67":8,"69":8,"70":8,"71":8,"72":8,"74":8,"75":8,"77":8,"78":8,"79":8,"81":8,"82":8,"83":8,"84":8,"86":8,"87":8,"89":8,"90":8,"91":8,"92":8,"95":8,"96":8,"97":8,"98":8,"99":8,"100":8,"101":8,"102":8,"103":8,"104":8,"105":8,"108":8,"110":8,"111":8,"113":8,"115":1},"branchMap":{"0":{"type":"branch","line":4,"loc":{"start":{"line":4,"column":0},"end":{"line":114,"column":1}},"locations":[{"start":{"line":4,"column":0},"end":{"line":114,"column":1}}]}},"b":{"0":[8]},"fnMap":{"0":{"name":"Footer","decl":{"start":{"line":4,"column":0},"end":{"line":114,"column":1}},"loc":{"start":{"line":4,"column":0},"end":{"line":114,"column":1}},"line":4}},"f":{"0":8}}
,"C:\\Users\\ASUS\\Desktop\\sw project\\Front-end\\src\\pages\\UserProfile\\Components\\ImageUploadModal.jsx": {"path":"C:\\Users\\ASUS\\Desktop\\sw project\\Front-end\\src\\pages\\UserProfile\\Components\\ImageUploadModal.jsx","all":false,"statementMap":{"0":{"start":{"line":1,"column":0},"end":{"line":1,"column":51}},"1":{"start":{"line":2,"column":0},"end":{"line":2,"column":42}},"3":{"start":{"line":4,"column":0},"end":{"line":4,"column":58}},"4":{"start":{"line":5,"column":0},"end":{"line":5,"column":59}},"6":{"start":{"line":7,"column":0},"end":{"line":7,"column":19}},"8":{"start":{"line":9,"column":0},"end":{"line":9,"column":17}},"9":{"start":{"line":10,"column":0},"end":{"line":10,"column":53}},"10":{"start":{"line":11,"column":0},"end":{"line":11,"column":12}},"11":{"start":{"line":12,"column":0},"end":{"line":12,"column":56}},"12":{"start":{"line":13,"column":0},"end":{"line":13,"column":5}},"14":{"start":{"line":15,"column":0},"end":{"line":15,"column":67}},"15":{"start":{"line":16,"column":0},"end":{"line":16,"column":53}},"17":{"start":{"line":18,"column":0},"end":{"line":18,"column":66}},"19":{"start":{"line":20,"column":0},"end":{"line":20,"column":39}},"20":{"start":{"line":21,"column":0},"end":{"line":21,"column":39}},"21":{"start":{"line":22,"column":0},"end":{"line":22,"column":15}},"22":{"start":{"line":23,"column":0},"end":{"line":23,"column":49}},"23":{"start":{"line":24,"column":0},"end":{"line":24,"column":33}},"24":{"start":{"line":25,"column":0},"end":{"line":25,"column":5}},"25":{"start":{"line":26,"column":0},"end":{"line":26,"column":4}},"27":{"start":{"line":28,"column":0},"end":{"line":28,"column":10}},"28":{"start":{"line":29,"column":0},"end":{"line":29,"column":96}},"29":{"start":{"line":30,"column":0},"end":{"line":30,"column":70}},"30":{"start":{"line":31,"column":0},"end":{"line":31,"column":78}},"33":{"start":{"line":34,"column":0},"end":{"line":34,"column":80}},"34":{"start":{"line":35,"column":0},"end":{"line":35,"column":65}},"35":{"start":{"line":36,"column":0},"end":{"line":36,"column":30}},"36":{"start":{"line":37,"column":0},"end":{"line":37,"column":18}},"37":{"start":{"line":38,"column":0},"end":{"line":38,"column":35}},"38":{"start":{"line":39,"column":0},"end":{"line":39,"column":29}},"39":{"start":{"line":40,"column":0},"end":{"line":40,"column":63}},"40":{"start":{"line":41,"column":0},"end":{"line":41,"column":16}},"42":{"start":{"line":43,"column":0},"end":{"line":43,"column":16}},"43":{"start":{"line":44,"column":0},"end":{"line":44,"column":86}},"44":{"start":{"line":45,"column":0},"end":{"line":45,"column":64}},"45":{"start":{"line":46,"column":0},"end":{"line":46,"column":62}},"46":{"start":{"line":47,"column":0},"end":{"line":47,"column":22}},"47":{"start":{"line":48,"column":0},"end":{"line":48,"column":78}},"48":{"start":{"line":49,"column":0},"end":{"line":49,"column":17}},"50":{"start":{"line":51,"column":0},"end":{"line":51,"column":18}},"51":{"start":{"line":52,"column":0},"end":{"line":52,"column":16}},"52":{"start":{"line":53,"column":0},"end":{"line":53,"column":23}},"53":{"start":{"line":54,"column":0},"end":{"line":54,"column":27}},"54":{"start":{"line":55,"column":0},"end":{"line":55,"column":28}},"55":{"start":{"line":56,"column":0},"end":{"line":56,"column":30}},"56":{"start":{"line":57,"column":0},"end":{"line":57,"column":39}},"57":{"start":{"line":58,"column":0},"end":{"line":58,"column":36}},"58":{"start":{"line":59,"column":0},"end":{"line":59,"column":12}},"59":{"start":{"line":60,"column":0},"end":{"line":60,"column":14}},"62":{"start":{"line":63,"column":0},"end":{"line":63,"column":57}},"63":{"start":{"line":64,"column":0},"end":{"line":64,"column":17}},"64":{"start":{"line":65,"column":0},"end":{"line":65,"column":29}},"65":{"start":{"line":66,"column":0},"end":{"line":66,"column":81}},"66":{"start":{"line":67,"column":0},"end":{"line":67,"column":11}},"68":{"start":{"line":69,"column":0},"end":{"line":69,"column":19}},"69":{"start":{"line":70,"column":0},"end":{"line":70,"column":29}},"70":{"start":{"line":71,"column":0},"end":{"line":71,"column":19}},"71":{"start":{"line":72,"column":0},"end":{"line":72,"column":69}},"72":{"start":{"line":73,"column":0},"end":{"line":73,"column":30}},"73":{"start":{"line":74,"column":0},"end":{"line":74,"column":40}},"74":{"start":{"line":75,"column":0},"end":{"line":75,"column":26}},"75":{"start":{"line":76,"column":0},"end":{"line":76,"column":16}},"76":{"start":{"line":77,"column":0},"end":{"line":77,"column":13}},"78":{"start":{"line":79,"column":0},"end":{"line":79,"column":21}},"80":{"start":{"line":81,"column":0},"end":{"line":81,"column":14}},"81":{"start":{"line":82,"column":0},"end":{"line":82,"column":12}},"82":{"start":{"line":83,"column":0},"end":{"line":83,"column":10}},"84":{"start":{"line":85,"column":0},"end":{"line":85,"column":1}},"86":{"start":{"line":87,"column":0},"end":{"line":87,"column":32}}},"s":{"0":1,"1":1,"3":7,"4":7,"6":7,"8":5,"9":4,"10":5,"11":1,"12":1,"14":5,"15":7,"17":7,"19":6,"20":2,"21":2,"22":2,"23":2,"24":2,"25":2,"27":6,"28":6,"29":6,"30":6,"33":6,"34":6,"35":6,"36":2,"37":2,"38":2,"39":2,"40":2,"42":4,"43":4,"44":4,"45":4,"46":4,"47":4,"48":4,"50":7,"51":7,"52":7,"53":7,"54":7,"55":7,"56":7,"57":7,"58":7,"59":7,"62":7,"63":7,"64":7,"65":7,"66":7,"68":7,"69":7,"70":2,"71":2,"72":2,"73":1,"74":1,"75":1,"76":2,"78":2,"80":7,"81":7,"82":7,"84":7,"86":1},"branchMap":{"0":{"type":"branch","line":4,"loc":{"start":{"line":4,"column":0},"end":{"line":85,"column":1}},"locations":[{"start":{"line":4,"column":0},"end":{"line":85,"column":1}}]},"1":{"type":"branch","line":18,"loc":{"start":{"line":18,"column":15},"end":{"line":18,"column":66}},"locations":[{"start":{"line":18,"column":15},"end":{"line":18,"column":66}}]},"2":{"type":"branch","line":18,"loc":{"start":{"line":18,"column":22},"end":{"line":36,"column":30}},"locations":[{"start":{"line":18,"column":22},"end":{"line":36,"column":30}}]},"3":{"type":"branch","line":36,"loc":{"start":{"line":36,"column":13},"end":{"line":41,"column":16}},"locations":[{"start":{"line":36,"column":13},"end":{"line":41,"column":16}}]},"4":{"type":"branch","line":41,"loc":{"start":{"line":41,"column":14},"end":{"line":49,"column":17}},"locations":[{"start":{"line":41,"column":14},"end":{"line":49,"column":17}}]},"5":{"type":"branch","line":70,"loc":{"start":{"line":70,"column":11},"end":{"line":79,"column":21}},"locations":[{"start":{"line":70,"column":11},"end":{"line":79,"column":21}}]},"6":{"type":"branch","line":7,"loc":{"start":{"line":7,"column":12},"end":{"line":16,"column":5}},"locations":[{"start":{"line":7,"column":12},"end":{"line":16,"column":5}}]},"7":{"type":"branch","line":9,"loc":{"start":{"line":9,"column":16},"end":{"line":11,"column":11}},"locations":[{"start":{"line":9,"column":16},"end":{"line":11,"column":11}}]},"8":{"type":"branch","line":11,"loc":{"start":{"line":11,"column":4},"end":{"line":13,"column":5}},"locations":[{"start":{"line":11,"column":4},"end":{"line":13,"column":5}}]},"9":{"type":"branch","line":15,"loc":{"start":{"line":15,"column":11},"end":{"line":15,"column":67}},"locations":[{"start":{"line":15,"column":11},"end":{"line":15,"column":67}}]},"10":{"type":"branch","line":20,"loc":{"start":{"line":20,"column":27},"end":{"line":26,"column":4}},"locations":[{"start":{"line":20,"column":27},"end":{"line":26,"column":4}}]},"11":{"type":"branch","line":73,"loc":{"start":{"line":73,"column":23},"end":{"line":76,"column":16}},"locations":[{"start":{"line":73,"column":23},"end":{"line":76,"column":16}}]}},"b":{"0":[7],"1":[1],"2":[6],"3":[2],"4":[4],"5":[2],"6":[5],"7":[4],"8":[1],"9":[5],"10":[2],"11":[1]},"fnMap":{"0":{"name":"ImageUploadModal","decl":{"start":{"line":4,"column":0},"end":{"line":85,"column":1}},"loc":{"start":{"line":4,"column":0},"end":{"line":85,"column":1}},"line":4},"1":{"name":"handleFileChange","decl":{"start":{"line":20,"column":27},"end":{"line":26,"column":4}},"loc":{"start":{"line":20,"column":27},"end":{"line":26,"column":4}},"line":20},"2":{"name":"onClick","decl":{"start":{"line":73,"column":23},"end":{"line":76,"column":16}},"loc":{"start":{"line":73,"column":23},"end":{"line":76,"column":16}},"line":73}},"f":{"0":7,"1":2,"2":1}}
,"C:\\Users\\ASUS\\Desktop\\sw project\\Front-end\\src\\pages\\UserProfile\\Components\\OwnerActions.jsx": {"path":"C:\\Users\\ASUS\\Desktop\\sw project\\Front-end\\src\\pages\\UserProfile\\Components\\OwnerActions.jsx","all":false,"statementMap":{"0":{"start":{"line":1,"column":0},"end":{"line":1,"column":26}},"2":{"start":{"line":3,"column":0},"end":{"line":3,"column":52}},"3":{"start":{"line":4,"column":0},"end":{"line":4,"column":10}},"4":{"start":{"line":5,"column":0},"end":{"line":5,"column":45}},"5":{"start":{"line":6,"column":0},"end":{"line":6,"column":17}},"6":{"start":{"line":7,"column":0},"end":{"line":7,"column":15}},"7":{"start":{"line":8,"column":0},"end":{"line":8,"column":26}},"8":{"start":{"line":9,"column":0},"end":{"line":9,"column":78}},"9":{"start":{"line":10,"column":0},"end":{"line":10,"column":25}},"10":{"start":{"line":11,"column":0},"end":{"line":11,"column":9}},"12":{"start":{"line":13,"column":0},"end":{"line":13,"column":17}},"14":{"start":{"line":15,"column":0},"end":{"line":15,"column":18}},"15":{"start":{"line":16,"column":0},"end":{"line":16,"column":15}},"16":{"start":{"line":17,"column":0},"end":{"line":17,"column":27}},"17":{"start":{"line":18,"column":0},"end":{"line":18,"column":82}},"18":{"start":{"line":19,"column":0},"end":{"line":19,"column":26}},"19":{"start":{"line":20,"column":0},"end":{"line":20,"column":9}},"21":{"start":{"line":22,"column":0},"end":{"line":22,"column":17}},"23":{"start":{"line":24,"column":0},"end":{"line":24,"column":20}},"24":{"start":{"line":25,"column":0},"end":{"line":25,"column":15}},"25":{"start":{"line":26,"column":0},"end":{"line":26,"column":29}},"26":{"start":{"line":27,"column":0},"end":{"line":27,"column":68}},"27":{"start":{"line":28,"column":0},"end":{"line":28,"column":28}},"28":{"start":{"line":29,"column":0},"end":{"line":29,"column":9}},"30":{"start":{"line":31,"column":0},"end":{"line":31,"column":17}},"32":{"start":{"line":33,"column":0},"end":{"line":33,"column":10}},"34":{"start":{"line":35,"column":0},"end":{"line":35,"column":1}},"36":{"start":{"line":37,"column":0},"end":{"line":37,"column":28}}},"s":{"0":1,"2":10,"3":10,"4":10,"5":10,"6":5,"7":5,"8":5,"9":5,"10":5,"12":5,"14":10,"15":4,"16":4,"17":4,"18":4,"19":4,"21":4,"23":10,"24":2,"25":2,"26":2,"27":2,"28":2,"30":2,"32":10,"34":10,"36":1},"branchMap":{"0":{"type":"branch","line":3,"loc":{"start":{"line":3,"column":0},"end":{"line":35,"column":1}},"locations":[{"start":{"line":3,"column":0},"end":{"line":35,"column":1}}]},"1":{"type":"branch","line":6,"loc":{"start":{"line":6,"column":7},"end":{"line":13,"column":17}},"locations":[{"start":{"line":6,"column":7},"end":{"line":13,"column":17}}]},"2":{"type":"branch","line":15,"loc":{"start":{"line":15,"column":7},"end":{"line":22,"column":17}},"locations":[{"start":{"line":15,"column":7},"end":{"line":22,"column":17}}]},"3":{"type":"branch","line":24,"loc":{"start":{"line":24,"column":7},"end":{"line":31,"column":17}},"locations":[{"start":{"line":24,"column":7},"end":{"line":31,"column":17}}]}},"b":{"0":[10],"1":[5],"2":[4],"3":[2]},"fnMap":{"0":{"name":"OwnerActions","decl":{"start":{"line":3,"column":0},"end":{"line":35,"column":1}},"loc":{"start":{"line":3,"column":0},"end":{"line":35,"column":1}},"line":3}},"f":{"0":10}}
,"C:\\Users\\ASUS\\Desktop\\sw project\\Front-end\\src\\pages\\UserProfile\\Components\\ProfilePage.jsx": {"path":"C:\\Users\\ASUS\\Desktop\\sw project\\Front-end\\src\\pages\\UserProfile\\Components\\ProfilePage.jsx","all":false,"statementMap":{"0":{"start":{"line":1,"column":0},"end":{"line":1,"column":38}},"1":{"start":{"line":2,"column":0},"end":{"line":2,"column":52}},"3":{"start":{"line":4,"column":0},"end":{"line":4,"column":61}},"4":{"start":{"line":5,"column":0},"end":{"line":5,"column":59}},"5":{"start":{"line":6,"column":0},"end":{"line":6,"column":61}},"6":{"start":{"line":7,"column":0},"end":{"line":7,"column":53}},"7":{"start":{"line":8,"column":0},"end":{"line":8,"column":69}},"9":{"start":{"line":10,"column":0},"end":{"line":10,"column":24}},"10":{"start":{"line":11,"column":0},"end":{"line":11,"column":47}},"12":{"start":{"line":13,"column":0},"end":{"line":13,"column":36}},"13":{"start":{"line":14,"column":0},"end":{"line":14,"column":37}},"15":{"start":{"line":16,"column":0},"end":{"line":16,"column":10}},"16":{"start":{"line":17,"column":0},"end":{"line":17,"column":45}},"17":{"start":{"line":18,"column":0},"end":{"line":18,"column":20}},"18":{"start":{"line":19,"column":0},"end":{"line":19,"column":19}},"19":{"start":{"line":20,"column":0},"end":{"line":20,"column":25}},"20":{"start":{"line":21,"column":0},"end":{"line":21,"column":35}},"21":{"start":{"line":22,"column":0},"end":{"line":22,"column":37}},"22":{"start":{"line":23,"column":0},"end":{"line":23,"column":8}},"23":{"start":{"line":24,"column":0},"end":{"line":24,"column":23}},"24":{"start":{"line":25,"column":0},"end":{"line":25,"column":25}},"25":{"start":{"line":26,"column":0},"end":{"line":26,"column":33}},"26":{"start":{"line":27,"column":0},"end":{"line":27,"column":19}},"27":{"start":{"line":28,"column":0},"end":{"line":28,"column":8}},"28":{"start":{"line":29,"column":0},"end":{"line":29,"column":24}},"29":{"start":{"line":30,"column":0},"end":{"line":30,"column":25}},"30":{"start":{"line":31,"column":0},"end":{"line":31,"column":34}},"31":{"start":{"line":32,"column":0},"end":{"line":32,"column":19}},"32":{"start":{"line":33,"column":0},"end":{"line":33,"column":8}},"33":{"start":{"line":34,"column":0},"end":{"line":34,"column":53}},"34":{"start":{"line":35,"column":0},"end":{"line":35,"column":61}},"35":{"start":{"line":36,"column":0},"end":{"line":36,"column":10}},"37":{"start":{"line":38,"column":0},"end":{"line":38,"column":1}},"39":{"start":{"line":40,"column":0},"end":{"line":40,"column":27}}},"s":{"0":1,"1":1,"3":1,"4":1,"5":1,"6":1,"7":1,"9":1,"10":1,"12":1,"13":1,"15":1,"16":1,"17":1,"18":1,"19":1,"20":1,"21":1,"22":1,"23":1,"24":1,"25":1,"26":1,"27":1,"28":1,"29":1,"30":1,"31":1,"32":1,"33":1,"34":1,"35":1,"37":1,"39":1},"branchMap":{"0":{"type":"branch","line":10,"loc":{"start":{"line":10,"column":0},"end":{"line":38,"column":1}},"locations":[{"start":{"line":10,"column":0},"end":{"line":38,"column":1}}]}},"b":{"0":[1]},"fnMap":{"0":{"name":"ProfilePage","decl":{"start":{"line":10,"column":0},"end":{"line":38,"column":1}},"loc":{"start":{"line":10,"column":0},"end":{"line":38,"column":1}},"line":10}},"f":{"0":1}}
,"C:\\Users\\ASUS\\Desktop\\sw project\\Front-end\\src\\pages\\UserProfile\\Components\\ViewerView.jsx": {"path":"C:\\Users\\ASUS\\Desktop\\sw project\\Front-end\\src\\pages\\UserProfile\\Components\\ViewerView.jsx","all":false,"statementMap":{"0":{"start":{"line":1,"column":0},"end":{"line":1,"column":26}},"1":{"start":{"line":2,"column":0},"end":{"line":2,"column":31}},"2":{"start":{"line":3,"column":0},"end":{"line":3,"column":10}},"3":{"start":{"line":4,"column":0},"end":{"line":4,"column":32}},"4":{"start":{"line":5,"column":0},"end":{"line":5,"column":80}},"6":{"start":{"line":7,"column":0},"end":{"line":7,"column":15}},"7":{"start":{"line":8,"column":0},"end":{"line":8,"column":77}},"8":{"start":{"line":9,"column":0},"end":{"line":9,"column":79}},"9":{"start":{"line":10,"column":0},"end":{"line":10,"column":10}},"21":{"start":{"line":22,"column":0},"end":{"line":22,"column":1}},"22":{"start":{"line":23,"column":0},"end":{"line":23,"column":26}}},"s":{"0":1,"1":2,"2":2,"3":2,"4":2,"6":2,"7":2,"8":2,"9":2,"21":2,"22":1},"branchMap":{"0":{"type":"branch","line":2,"loc":{"start":{"line":2,"column":0},"end":{"line":22,"column":1}},"locations":[{"start":{"line":2,"column":0},"end":{"line":22,"column":1}}]}},"b":{"0":[2]},"fnMap":{"0":{"name":"ViewerView","decl":{"start":{"line":2,"column":0},"end":{"line":22,"column":1}},"loc":{"start":{"line":2,"column":0},"end":{"line":22,"column":1}},"line":2}},"f":{"0":2}}
,"C:\\Users\\ASUS\\Desktop\\sw project\\Front-end\\src\\pages\\UserProfile\\Components\\profileLayout.jsx": {"path":"C:\\Users\\ASUS\\Desktop\\sw project\\Front-end\\src\\pages\\UserProfile\\Components\\profileLayout.jsx","all":false,"statementMap":{"0":{"start":{"line":1,"column":0},"end":{"line":1,"column":66}},"1":{"start":{"line":2,"column":0},"end":{"line":2,"column":44}},"2":{"start":{"line":3,"column":0},"end":{"line":3,"column":34}},"3":{"start":{"line":4,"column":0},"end":{"line":4,"column":64}},"5":{"start":{"line":6,"column":0},"end":{"line":6,"column":26}},"6":{"start":{"line":7,"column":0},"end":{"line":7,"column":38}},"7":{"start":{"line":8,"column":0},"end":{"line":8,"column":33}},"8":{"start":{"line":9,"column":0},"end":{"line":9,"column":41}},"9":{"start":{"line":10,"column":0},"end":{"line":10,"column":47}},"10":{"start":{"line":11,"column":0},"end":{"line":11,"column":55}},"13":{"start":{"line":14,"column":0},"end":{"line":14,"column":43}},"15":{"start":{"line":16,"column":0},"end":{"line":16,"column":19}},"16":{"start":{"line":17,"column":0},"end":{"line":17,"column":35}},"17":{"start":{"line":18,"column":0},"end":{"line":18,"column":11}},"18":{"start":{"line":19,"column":0},"end":{"line":19,"column":27}},"20":{"start":{"line":21,"column":0},"end":{"line":21,"column":50}},"21":{"start":{"line":22,"column":0},"end":{"line":22,"column":42}},"23":{"start":{"line":24,"column":0},"end":{"line":24,"column":26}},"24":{"start":{"line":25,"column":0},"end":{"line":25,"column":103}},"25":{"start":{"line":26,"column":0},"end":{"line":26,"column":26}},"26":{"start":{"line":27,"column":0},"end":{"line":27,"column":15}},"27":{"start":{"line":28,"column":0},"end":{"line":28,"column":58}},"28":{"start":{"line":29,"column":0},"end":{"line":29,"column":18}},"29":{"start":{"line":30,"column":0},"end":{"line":30,"column":34}},"30":{"start":{"line":31,"column":0},"end":{"line":31,"column":11}},"31":{"start":{"line":32,"column":0},"end":{"line":32,"column":24}},"33":{"start":{"line":34,"column":0},"end":{"line":34,"column":56}},"36":{"start":{"line":37,"column":0},"end":{"line":37,"column":26}},"37":{"start":{"line":38,"column":0},"end":{"line":38,"column":34}},"38":{"start":{"line":39,"column":0},"end":{"line":39,"column":18}},"39":{"start":{"line":40,"column":0},"end":{"line":40,"column":30}},"40":{"start":{"line":41,"column":0},"end":{"line":41,"column":11}},"41":{"start":{"line":42,"column":0},"end":{"line":42,"column":9}},"42":{"start":{"line":43,"column":0},"end":{"line":43,"column":21}},"43":{"start":{"line":44,"column":0},"end":{"line":44,"column":55}},"44":{"start":{"line":45,"column":0},"end":{"line":45,"column":30}},"45":{"start":{"line":46,"column":0},"end":{"line":46,"column":17}},"46":{"start":{"line":47,"column":0},"end":{"line":47,"column":26}},"47":{"start":{"line":48,"column":0},"end":{"line":48,"column":7}},"48":{"start":{"line":49,"column":0},"end":{"line":49,"column":6}},"50":{"start":{"line":51,"column":0},"end":{"line":51,"column":16}},"51":{"start":{"line":52,"column":0},"end":{"line":52,"column":34}},"53":{"start":{"line":54,"column":0},"end":{"line":54,"column":81}},"55":{"start":{"line":56,"column":0},"end":{"line":56,"column":10}},"56":{"start":{"line":57,"column":0},"end":{"line":57,"column":45}},"57":{"start":{"line":58,"column":0},"end":{"line":58,"column":75}},"58":{"start":{"line":59,"column":0},"end":{"line":59,"column":46}},"59":{"start":{"line":60,"column":0},"end":{"line":60,"column":12}},"60":{"start":{"line":61,"column":0},"end":{"line":61,"column":16}},"61":{"start":{"line":62,"column":0},"end":{"line":62,"column":10}},"63":{"start":{"line":64,"column":0},"end":{"line":64,"column":1}},"65":{"start":{"line":66,"column":0},"end":{"line":66,"column":29}}},"s":{"0":1,"1":1,"2":1,"3":1,"5":11,"6":11,"7":11,"8":11,"9":11,"10":11,"13":11,"15":11,"16":6,"17":6,"18":6,"20":2,"21":2,"23":2,"24":1,"25":1,"26":1,"27":1,"28":1,"29":1,"30":1,"31":6,"33":4,"36":4,"37":2,"38":4,"39":1,"40":1,"41":4,"42":6,"43":1,"44":1,"45":6,"46":6,"47":6,"48":6,"50":6,"51":11,"53":11,"55":5,"56":5,"57":5,"58":5,"59":5,"60":5,"61":5,"63":5,"65":1},"branchMap":{"0":{"type":"branch","line":6,"loc":{"start":{"line":6,"column":0},"end":{"line":64,"column":1}},"locations":[{"start":{"line":6,"column":0},"end":{"line":64,"column":1}}]},"1":{"type":"branch","line":14,"loc":{"start":{"line":14,"column":13},"end":{"line":14,"column":32}},"locations":[{"start":{"line":14,"column":13},"end":{"line":14,"column":32}}]},"2":{"type":"branch","line":54,"loc":{"start":{"line":54,"column":15},"end":{"line":54,"column":81}},"locations":[{"start":{"line":54,"column":15},"end":{"line":54,"column":81}}]},"3":{"type":"branch","line":54,"loc":{"start":{"line":54,"column":57},"end":{"line":64,"column":1}},"locations":[{"start":{"line":54,"column":57},"end":{"line":64,"column":1}}]},"4":{"type":"branch","line":16,"loc":{"start":{"line":16,"column":12},"end":{"line":52,"column":5}},"locations":[{"start":{"line":16,"column":12},"end":{"line":52,"column":5}}]},"5":{"type":"branch","line":17,"loc":{"start":{"line":17,"column":22},"end":{"line":49,"column":6}},"locations":[{"start":{"line":17,"column":22},"end":{"line":49,"column":6}}]},"6":{"type":"branch","line":19,"loc":{"start":{"line":19,"column":26},"end":{"line":32,"column":19}},"locations":[{"start":{"line":19,"column":26},"end":{"line":32,"column":19}}]},"7":{"type":"branch","line":24,"loc":{"start":{"line":24,"column":25},"end":{"line":31,"column":11}},"locations":[{"start":{"line":24,"column":25},"end":{"line":31,"column":11}}]},"8":{"type":"branch","line":32,"loc":{"start":{"line":32,"column":8},"end":{"line":42,"column":9}},"locations":[{"start":{"line":32,"column":8},"end":{"line":42,"column":9}}]},"9":{"type":"branch","line":34,"loc":{"start":{"line":34,"column":54},"end":{"line":37,"column":25}},"locations":[{"start":{"line":34,"column":54},"end":{"line":37,"column":25}}]},"10":{"type":"branch","line":37,"loc":{"start":{"line":37,"column":25},"end":{"line":39,"column":17}},"locations":[{"start":{"line":37,"column":25},"end":{"line":39,"column":17}}]},"11":{"type":"branch","line":39,"loc":{"start":{"line":39,"column":10},"end":{"line":41,"column":11}},"locations":[{"start":{"line":39,"column":10},"end":{"line":41,"column":11}}]},"12":{"type":"branch","line":43,"loc":{"start":{"line":43,"column":6},"end":{"line":46,"column":8}},"locations":[{"start":{"line":43,"column":6},"end":{"line":46,"column":8}}]}},"b":{"0":[11],"1":[7],"2":[6],"3":[5],"4":[6],"5":[6],"6":[2],"7":[1],"8":[4],"9":[3],"10":[2],"11":[1],"12":[1]},"fnMap":{"0":{"name":"ProfileLayout","decl":{"start":{"line":6,"column":0},"end":{"line":64,"column":1}},"loc":{"start":{"line":6,"column":0},"end":{"line":64,"column":1}},"line":6},"1":{"name":"fetchUser","decl":{"start":{"line":17,"column":22},"end":{"line":49,"column":6}},"loc":{"start":{"line":17,"column":22},"end":{"line":49,"column":6}},"line":17}},"f":{"0":11,"1":6}}
,"C:\\Users\\ASUS\\Desktop\\sw project\\Front-end\\src\\pages\\UserProfile\\Components\\GenericDisplay\\GenericCard.jsx": {"path":"C:\\Users\\ASUS\\Desktop\\sw project\\Front-end\\src\\pages\\UserProfile\\Components\\GenericDisplay\\GenericCard.jsx","all":false,"statementMap":{"0":{"start":{"line":1,"column":0},"end":{"line":1,"column":40}},"1":{"start":{"line":2,"column":0},"end":{"line":2,"column":42}},"3":{"start":{"line":4,"column":0},"end":{"line":4,"column":78}},"4":{"start":{"line":5,"column":0},"end":{"line":5,"column":54}},"5":{"start":{"line":6,"column":0},"end":{"line":6,"column":59}},"6":{"start":{"line":7,"column":0},"end":{"line":7,"column":26}},"7":{"start":{"line":8,"column":0},"end":{"line":8,"column":4}},"8":{"start":{"line":9,"column":0},"end":{"line":9,"column":56}},"10":{"start":{"line":11,"column":0},"end":{"line":11,"column":31}},"11":{"start":{"line":12,"column":0},"end":{"line":12,"column":70}},"12":{"start":{"line":13,"column":0},"end":{"line":13,"column":31}},"13":{"start":{"line":14,"column":0},"end":{"line":14,"column":4}},"15":{"start":{"line":16,"column":0},"end":{"line":16,"column":39}},"17":{"start":{"line":18,"column":0},"end":{"line":18,"column":26}},"18":{"start":{"line":19,"column":0},"end":{"line":19,"column":4}},"20":{"start":{"line":21,"column":0},"end":{"line":21,"column":10}},"21":{"start":{"line":22,"column":0},"end":{"line":22,"column":103}},"23":{"start":{"line":24,"column":0},"end":{"line":24,"column":36}},"24":{"start":{"line":25,"column":0},"end":{"line":25,"column":15}},"25":{"start":{"line":26,"column":0},"end":{"line":26,"column":84}},"26":{"start":{"line":27,"column":0},"end":{"line":27,"column":27}},"27":{"start":{"line":28,"column":0},"end":{"line":28,"column":32}},"28":{"start":{"line":29,"column":0},"end":{"line":29,"column":25}},"29":{"start":{"line":30,"column":0},"end":{"line":30,"column":23}},"30":{"start":{"line":31,"column":0},"end":{"line":31,"column":44}},"31":{"start":{"line":32,"column":0},"end":{"line":32,"column":18}},"32":{"start":{"line":33,"column":0},"end":{"line":33,"column":91}},"33":{"start":{"line":34,"column":0},"end":{"line":34,"column":13}},"34":{"start":{"line":35,"column":0},"end":{"line":35,"column":12}},"35":{"start":{"line":36,"column":0},"end":{"line":36,"column":9}},"37":{"start":{"line":38,"column":0},"end":{"line":38,"column":17}},"41":{"start":{"line":42,"column":0},"end":{"line":42,"column":28}},"42":{"start":{"line":43,"column":0},"end":{"line":43,"column":11}},"43":{"start":{"line":44,"column":0},"end":{"line":44,"column":53}},"44":{"start":{"line":45,"column":0},"end":{"line":45,"column":35}},"46":{"start":{"line":47,"column":0},"end":{"line":47,"column":28}},"47":{"start":{"line":48,"column":0},"end":{"line":48,"column":13}},"49":{"start":{"line":50,"column":0},"end":{"line":50,"column":22}},"50":{"start":{"line":51,"column":0},"end":{"line":51,"column":73}},"52":{"start":{"line":53,"column":0},"end":{"line":53,"column":21}},"53":{"start":{"line":54,"column":0},"end":{"line":54,"column":72}},"55":{"start":{"line":56,"column":0},"end":{"line":56,"column":22}},"56":{"start":{"line":57,"column":0},"end":{"line":57,"column":73}},"58":{"start":{"line":59,"column":0},"end":{"line":59,"column":32}},"59":{"start":{"line":60,"column":0},"end":{"line":60,"column":23}},"60":{"start":{"line":61,"column":0},"end":{"line":61,"column":26}},"61":{"start":{"line":62,"column":0},"end":{"line":62,"column":25}},"62":{"start":{"line":63,"column":0},"end":{"line":63,"column":35}},"63":{"start":{"line":64,"column":0},"end":{"line":64,"column":10}},"65":{"start":{"line":66,"column":0},"end":{"line":66,"column":32}},"66":{"start":{"line":67,"column":0},"end":{"line":67,"column":58}},"67":{"start":{"line":68,"column":0},"end":{"line":68,"column":10}},"69":{"start":{"line":70,"column":0},"end":{"line":70,"column":32}},"70":{"start":{"line":71,"column":0},"end":{"line":71,"column":42}},"71":{"start":{"line":72,"column":0},"end":{"line":72,"column":50}},"72":{"start":{"line":73,"column":0},"end":{"line":73,"column":15}},"73":{"start":{"line":74,"column":0},"end":{"line":74,"column":38}},"74":{"start":{"line":75,"column":0},"end":{"line":75,"column":49}},"75":{"start":{"line":76,"column":0},"end":{"line":76,"column":15}},"76":{"start":{"line":77,"column":0},"end":{"line":77,"column":10}},"78":{"start":{"line":79,"column":0},"end":{"line":79,"column":28}},"79":{"start":{"line":80,"column":0},"end":{"line":80,"column":64}},"81":{"start":{"line":82,"column":0},"end":{"line":82,"column":22}},"82":{"start":{"line":83,"column":0},"end":{"line":83,"column":71}},"83":{"start":{"line":84,"column":0},"end":{"line":84,"column":29}},"84":{"start":{"line":85,"column":0},"end":{"line":85,"column":12}},"88":{"start":{"line":89,"column":0},"end":{"line":89,"column":43}},"89":{"start":{"line":90,"column":0},"end":{"line":90,"column":10}},"95":{"start":{"line":96,"column":0},"end":{"line":96,"column":12}},"96":{"start":{"line":97,"column":0},"end":{"line":97,"column":66}},"97":{"start":{"line":98,"column":0},"end":{"line":98,"column":43}},"99":{"start":{"line":100,"column":0},"end":{"line":100,"column":75}},"100":{"start":{"line":101,"column":0},"end":{"line":101,"column":47}},"101":{"start":{"line":102,"column":0},"end":{"line":102,"column":14}},"103":{"start":{"line":104,"column":0},"end":{"line":104,"column":24}},"104":{"start":{"line":105,"column":0},"end":{"line":105,"column":19}},"105":{"start":{"line":106,"column":0},"end":{"line":106,"column":37}},"106":{"start":{"line":107,"column":0},"end":{"line":107,"column":108}},"107":{"start":{"line":108,"column":0},"end":{"line":108,"column":26}},"108":{"start":{"line":109,"column":0},"end":{"line":109,"column":66}},"109":{"start":{"line":110,"column":0},"end":{"line":110,"column":68}},"110":{"start":{"line":111,"column":0},"end":{"line":111,"column":46}},"112":{"start":{"line":113,"column":0},"end":{"line":113,"column":53}},"113":{"start":{"line":114,"column":0},"end":{"line":114,"column":21}},"115":{"start":{"line":116,"column":0},"end":{"line":116,"column":11}},"119":{"start":{"line":120,"column":0},"end":{"line":120,"column":23}},"120":{"start":{"line":121,"column":0},"end":{"line":121,"column":21}},"121":{"start":{"line":122,"column":0},"end":{"line":122,"column":30}},"122":{"start":{"line":123,"column":0},"end":{"line":123,"column":47}},"123":{"start":{"line":124,"column":0},"end":{"line":124,"column":29}},"124":{"start":{"line":125,"column":0},"end":{"line":125,"column":21}},"125":{"start":{"line":126,"column":0},"end":{"line":126,"column":28}},"126":{"start":{"line":127,"column":0},"end":{"line":127,"column":10}},"128":{"start":{"line":129,"column":0},"end":{"line":129,"column":10}},"130":{"start":{"line":131,"column":0},"end":{"line":131,"column":1}},"132":{"start":{"line":133,"column":0},"end":{"line":133,"column":27}}},"s":{"0":1,"1":1,"3":50,"4":50,"5":50,"6":50,"7":50,"8":50,"10":50,"11":2,"12":2,"13":2,"15":50,"17":1,"18":1,"20":50,"21":50,"23":50,"24":4,"25":4,"26":4,"27":2,"28":2,"29":1,"30":1,"31":1,"32":1,"33":1,"34":2,"35":4,"37":4,"41":50,"42":1,"43":1,"44":1,"46":1,"47":1,"49":50,"50":44,"52":50,"53":1,"55":50,"56":4,"58":50,"59":50,"60":50,"61":50,"62":22,"63":50,"65":50,"66":50,"67":50,"69":50,"70":50,"71":24,"72":26,"73":50,"74":3,"75":47,"76":50,"78":50,"79":3,"81":50,"82":1,"83":1,"84":1,"88":50,"89":4,"95":4,"96":4,"97":4,"99":4,"100":4,"101":4,"103":4,"104":3,"105":3,"106":3,"107":3,"108":1,"109":2,"110":3,"112":3,"113":3,"115":4,"119":50,"120":1,"121":1,"122":1,"123":1,"124":1,"125":1,"126":1,"128":50,"130":50,"132":1},"branchMap":{"0":{"type":"branch","line":4,"loc":{"start":{"line":4,"column":0},"end":{"line":131,"column":1}},"locations":[{"start":{"line":4,"column":0},"end":{"line":131,"column":1}}]},"1":{"type":"branch","line":7,"loc":{"start":{"line":7,"column":9},"end":{"line":7,"column":26}},"locations":[{"start":{"line":7,"column":9},"end":{"line":7,"column":26}}]},"2":{"type":"branch","line":24,"loc":{"start":{"line":24,"column":7},"end":{"line":24,"column":36}},"locations":[{"start":{"line":24,"column":7},"end":{"line":24,"column":36}}]},"3":{"type":"branch","line":24,"loc":{"start":{"line":24,"column":18},"end":{"line":38,"column":17}},"locations":[{"start":{"line":24,"column":18},"end":{"line":38,"column":17}}]},"4":{"type":"branch","line":42,"loc":{"start":{"line":42,"column":12},"end":{"line":48,"column":13}},"locations":[{"start":{"line":42,"column":12},"end":{"line":48,"column":13}}]},"5":{"type":"branch","line":50,"loc":{"start":{"line":50,"column":12},"end":{"line":51,"column":73}},"locations":[{"start":{"line":50,"column":12},"end":{"line":51,"column":73}}]},"6":{"type":"branch","line":53,"loc":{"start":{"line":53,"column":12},"end":{"line":54,"column":72}},"locations":[{"start":{"line":53,"column":12},"end":{"line":54,"column":72}}]},"7":{"type":"branch","line":56,"loc":{"start":{"line":56,"column":12},"end":{"line":57,"column":73}},"locations":[{"start":{"line":56,"column":12},"end":{"line":57,"column":73}}]},"8":{"type":"branch","line":62,"loc":{"start":{"line":62,"column":15},"end":{"line":63,"column":35}},"locations":[{"start":{"line":62,"column":15},"end":{"line":63,"column":35}}]},"9":{"type":"branch","line":67,"loc":{"start":{"line":67,"column":14},"end":{"line":67,"column":40}},"locations":[{"start":{"line":67,"column":14},"end":{"line":67,"column":40}}]},"10":{"type":"branch","line":67,"loc":{"start":{"line":67,"column":31},"end":{"line":67,"column":58}},"locations":[{"start":{"line":67,"column":31},"end":{"line":67,"column":58}}]},"11":{"type":"branch","line":71,"loc":{"start":{"line":71,"column":14},"end":{"line":71,"column":42}},"locations":[{"start":{"line":71,"column":14},"end":{"line":71,"column":42}}]},"12":{"type":"branch","line":71,"loc":{"start":{"line":71,"column":33},"end":{"line":72,"column":50}},"locations":[{"start":{"line":71,"column":33},"end":{"line":72,"column":50}}]},"13":{"type":"branch","line":72,"loc":{"start":{"line":72,"column":48},"end":{"line":73,"column":15}},"locations":[{"start":{"line":72,"column":48},"end":{"line":73,"column":15}}]},"14":{"type":"branch","line":74,"loc":{"start":{"line":74,"column":14},"end":{"line":74,"column":38}},"locations":[{"start":{"line":74,"column":14},"end":{"line":74,"column":38}}]},"15":{"type":"branch","line":74,"loc":{"start":{"line":74,"column":31},"end":{"line":75,"column":49}},"locations":[{"start":{"line":74,"column":31},"end":{"line":75,"column":49}}]},"16":{"type":"branch","line":75,"loc":{"start":{"line":75,"column":47},"end":{"line":76,"column":15}},"locations":[{"start":{"line":75,"column":47},"end":{"line":76,"column":15}}]},"17":{"type":"branch","line":79,"loc":{"start":{"line":79,"column":12},"end":{"line":80,"column":64}},"locations":[{"start":{"line":79,"column":12},"end":{"line":80,"column":64}}]},"18":{"type":"branch","line":82,"loc":{"start":{"line":82,"column":12},"end":{"line":85,"column":12}},"locations":[{"start":{"line":82,"column":12},"end":{"line":85,"column":12}}]},"19":{"type":"branch","line":89,"loc":{"start":{"line":89,"column":16},"end":{"line":89,"column":43}},"locations":[{"start":{"line":89,"column":16},"end":{"line":89,"column":43}}]},"20":{"type":"branch","line":89,"loc":{"start":{"line":89,"column":33},"end":{"line":116,"column":11}},"locations":[{"start":{"line":89,"column":33},"end":{"line":116,"column":11}}]},"21":{"type":"branch","line":101,"loc":{"start":{"line":101,"column":38},"end":{"line":101,"column":47}},"locations":[{"start":{"line":101,"column":38},"end":{"line":101,"column":47}}]},"22":{"type":"branch","line":104,"loc":{"start":{"line":104,"column":12},"end":{"line":114,"column":21}},"locations":[{"start":{"line":104,"column":12},"end":{"line":114,"column":21}}]},"23":{"type":"branch","line":108,"loc":{"start":{"line":108,"column":16},"end":{"line":109,"column":66}},"locations":[{"start":{"line":108,"column":16},"end":{"line":109,"column":66}}]},"24":{"type":"branch","line":109,"loc":{"start":{"line":109,"column":20},"end":{"line":110,"column":68}},"locations":[{"start":{"line":109,"column":20},"end":{"line":110,"column":68}}]},"25":{"type":"branch","line":113,"loc":{"start":{"line":113,"column":15},"end":{"line":113,"column":43}},"locations":[{"start":{"line":113,"column":15},"end":{"line":113,"column":43}}]},"26":{"type":"branch","line":113,"loc":{"start":{"line":113,"column":28},"end":{"line":113,"column":53}},"locations":[{"start":{"line":113,"column":28},"end":{"line":113,"column":53}}]},"27":{"type":"branch","line":120,"loc":{"start":{"line":120,"column":7},"end":{"line":127,"column":10}},"locations":[{"start":{"line":120,"column":7},"end":{"line":127,"column":10}}]},"28":{"type":"branch","line":11,"loc":{"start":{"line":11,"column":24},"end":{"line":14,"column":4}},"locations":[{"start":{"line":11,"column":24},"end":{"line":14,"column":4}}]},"29":{"type":"branch","line":12,"loc":{"start":{"line":12,"column":24},"end":{"line":12,"column":68}},"locations":[{"start":{"line":12,"column":24},"end":{"line":12,"column":68}}]},"30":{"type":"branch","line":12,"loc":{"start":{"line":12,"column":35},"end":{"line":12,"column":59}},"locations":[{"start":{"line":12,"column":35},"end":{"line":12,"column":59}}]},"31":{"type":"branch","line":12,"loc":{"start":{"line":12,"column":55},"end":{"line":12,"column":68}},"locations":[{"start":{"line":12,"column":55},"end":{"line":12,"column":68}}]},"32":{"type":"branch","line":16,"loc":{"start":{"line":16,"column":21},"end":{"line":19,"column":4}},"locations":[{"start":{"line":16,"column":21},"end":{"line":19,"column":4}}]},"33":{"type":"branch","line":27,"loc":{"start":{"line":27,"column":19},"end":{"line":35,"column":12}},"locations":[{"start":{"line":27,"column":19},"end":{"line":35,"column":12}}]},"34":{"type":"branch","line":29,"loc":{"start":{"line":29,"column":24},"end":{"line":34,"column":13}},"locations":[{"start":{"line":29,"column":24},"end":{"line":34,"column":13}}]}},"b":{"0":[50],"1":[46],"2":[44],"3":[4],"4":[1],"5":[44],"6":[1],"7":[4],"8":[22],"9":[47],"10":[47],"11":[24],"12":[24],"13":[26],"14":[3],"15":[3],"16":[47],"17":[3],"18":[1],"19":[5],"20":[4],"21":[0],"22":[3],"23":[1],"24":[2],"25":[1],"26":[2],"27":[1],"28":[2],"29":[2],"30":[1],"31":[1],"32":[1],"33":[2],"34":[1]},"fnMap":{"0":{"name":"GenericCard","decl":{"start":{"line":4,"column":0},"end":{"line":131,"column":1}},"loc":{"start":{"line":4,"column":0},"end":{"line":131,"column":1}},"line":4},"1":{"name":"handleEndorse","decl":{"start":{"line":11,"column":24},"end":{"line":14,"column":4}},"loc":{"start":{"line":11,"column":24},"end":{"line":14,"column":4}},"line":11},"2":{"name":"handleSave","decl":{"start":{"line":16,"column":21},"end":{"line":19,"column":4}},"loc":{"start":{"line":16,"column":21},"end":{"line":19,"column":4}},"line":16},"3":{"name":"onClick","decl":{"start":{"line":27,"column":19},"end":{"line":35,"column":12}},"loc":{"start":{"line":27,"column":19},"end":{"line":35,"column":12}},"line":27},"4":{"name":"onClose","decl":{"start":{"line":123,"column":19},"end":{"line":123,"column":47}},"loc":{"start":{"line":123,"column":19},"end":{"line":123,"column":47}},"line":123}},"f":{"0":50,"1":2,"2":1,"3":2,"4":0}}
,"C:\\Users\\ASUS\\Desktop\\sw project\\Front-end\\src\\pages\\UserProfile\\Components\\GenericDisplay\\GenericModal.jsx": {"path":"C:\\Users\\ASUS\\Desktop\\sw project\\Front-end\\src\\pages\\UserProfile\\Components\\GenericDisplay\\GenericModal.jsx","all":false,"statementMap":{"0":{"start":{"line":1,"column":0},"end":{"line":1,"column":51}},"1":{"start":{"line":2,"column":0},"end":{"line":2,"column":61}},"2":{"start":{"line":3,"column":0},"end":{"line":3,"column":63}},"3":{"start":{"line":4,"column":0},"end":{"line":4,"column":55}},"4":{"start":{"line":5,"column":0},"end":{"line":5,"column":71}},"7":{"start":{"line":8,"column":0},"end":{"line":8,"column":67}},"8":{"start":{"line":9,"column":0},"end":{"line":9,"column":94}},"9":{"start":{"line":10,"column":0},"end":{"line":10,"column":84}},"10":{"start":{"line":11,"column":0},"end":{"line":11,"column":71}},"11":{"start":{"line":12,"column":0},"end":{"line":12,"column":73}},"12":{"start":{"line":13,"column":0},"end":{"line":13,"column":46}},"13":{"start":{"line":14,"column":0},"end":{"line":14,"column":77}},"15":{"start":{"line":16,"column":0},"end":{"line":16,"column":17}},"16":{"start":{"line":17,"column":0},"end":{"line":17,"column":15}},"17":{"start":{"line":18,"column":0},"end":{"line":18,"column":61}},"18":{"start":{"line":19,"column":0},"end":{"line":19,"column":29}},"19":{"start":{"line":20,"column":0},"end":{"line":20,"column":38}},"20":{"start":{"line":21,"column":0},"end":{"line":21,"column":9}},"22":{"start":{"line":23,"column":0},"end":{"line":23,"column":17}},"23":{"start":{"line":24,"column":0},"end":{"line":24,"column":12}},"24":{"start":{"line":25,"column":0},"end":{"line":25,"column":10}},"25":{"start":{"line":26,"column":0},"end":{"line":26,"column":8}},"29":{"start":{"line":30,"column":0},"end":{"line":30,"column":26}},"30":{"start":{"line":31,"column":0},"end":{"line":31,"column":30}},"31":{"start":{"line":32,"column":0},"end":{"line":32,"column":66}},"32":{"start":{"line":33,"column":0},"end":{"line":33,"column":4}},"34":{"start":{"line":35,"column":0},"end":{"line":35,"column":45}},"35":{"start":{"line":36,"column":0},"end":{"line":36,"column":37}},"36":{"start":{"line":37,"column":0},"end":{"line":37,"column":27}},"37":{"start":{"line":38,"column":0},"end":{"line":38,"column":110}},"39":{"start":{"line":40,"column":0},"end":{"line":40,"column":25}},"40":{"start":{"line":41,"column":0},"end":{"line":41,"column":103}},"42":{"start":{"line":43,"column":0},"end":{"line":43,"column":30}},"43":{"start":{"line":44,"column":0},"end":{"line":44,"column":48}},"44":{"start":{"line":45,"column":0},"end":{"line":45,"column":35}},"45":{"start":{"line":46,"column":0},"end":{"line":46,"column":31}},"47":{"start":{"line":48,"column":0},"end":{"line":48,"column":23}},"48":{"start":{"line":49,"column":0},"end":{"line":49,"column":9}},"49":{"start":{"line":50,"column":0},"end":{"line":50,"column":10}},"50":{"start":{"line":51,"column":0},"end":{"line":51,"column":9}},"51":{"start":{"line":52,"column":0},"end":{"line":52,"column":11}},"52":{"start":{"line":53,"column":0},"end":{"line":53,"column":7}},"53":{"start":{"line":54,"column":0},"end":{"line":54,"column":19}},"54":{"start":{"line":55,"column":0},"end":{"line":55,"column":19}},"55":{"start":{"line":56,"column":0},"end":{"line":56,"column":4}},"56":{"start":{"line":57,"column":0},"end":{"line":57,"column":56}},"57":{"start":{"line":58,"column":0},"end":{"line":58,"column":43}},"58":{"start":{"line":59,"column":0},"end":{"line":59,"column":66}},"59":{"start":{"line":60,"column":0},"end":{"line":60,"column":64}},"61":{"start":{"line":62,"column":0},"end":{"line":62,"column":19}},"62":{"start":{"line":63,"column":0},"end":{"line":63,"column":17}},"63":{"start":{"line":64,"column":0},"end":{"line":64,"column":46}},"64":{"start":{"line":65,"column":0},"end":{"line":65,"column":12}},"65":{"start":{"line":66,"column":0},"end":{"line":66,"column":40}},"66":{"start":{"line":67,"column":0},"end":{"line":67,"column":5}},"67":{"start":{"line":68,"column":0},"end":{"line":68,"column":18}},"68":{"start":{"line":69,"column":0},"end":{"line":69,"column":40}},"69":{"start":{"line":70,"column":0},"end":{"line":70,"column":6}},"70":{"start":{"line":71,"column":0},"end":{"line":71,"column":15}},"72":{"start":{"line":73,"column":0},"end":{"line":73,"column":19}},"73":{"start":{"line":74,"column":0},"end":{"line":74,"column":17}},"74":{"start":{"line":75,"column":0},"end":{"line":75,"column":37}},"75":{"start":{"line":76,"column":0},"end":{"line":76,"column":5}},"76":{"start":{"line":77,"column":0},"end":{"line":77,"column":28}},"78":{"start":{"line":79,"column":0},"end":{"line":79,"column":31}},"79":{"start":{"line":80,"column":0},"end":{"line":80,"column":63}},"80":{"start":{"line":81,"column":0},"end":{"line":81,"column":66}},"81":{"start":{"line":82,"column":0},"end":{"line":82,"column":61}},"82":{"start":{"line":83,"column":0},"end":{"line":83,"column":4}},"84":{"start":{"line":85,"column":0},"end":{"line":85,"column":27}},"85":{"start":{"line":86,"column":0},"end":{"line":86,"column":61}},"87":{"start":{"line":88,"column":0},"end":{"line":88,"column":29}},"88":{"start":{"line":89,"column":0},"end":{"line":89,"column":28}},"89":{"start":{"line":90,"column":0},"end":{"line":90,"column":32}},"90":{"start":{"line":91,"column":0},"end":{"line":91,"column":12}},"91":{"start":{"line":92,"column":0},"end":{"line":92,"column":16}},"92":{"start":{"line":93,"column":0},"end":{"line":93,"column":5}},"93":{"start":{"line":94,"column":0},"end":{"line":94,"column":4}},"95":{"start":{"line":96,"column":0},"end":{"line":96,"column":38}},"96":{"start":{"line":97,"column":0},"end":{"line":97,"column":31}},"97":{"start":{"line":98,"column":0},"end":{"line":98,"column":14}},"98":{"start":{"line":99,"column":0},"end":{"line":99,"column":4}},"100":{"start":{"line":101,"column":0},"end":{"line":101,"column":37}},"101":{"start":{"line":102,"column":0},"end":{"line":102,"column":30}},"102":{"start":{"line":103,"column":0},"end":{"line":103,"column":17}},"103":{"start":{"line":104,"column":0},"end":{"line":104,"column":4}},"105":{"start":{"line":106,"column":0},"end":{"line":106,"column":30}},"106":{"start":{"line":107,"column":0},"end":{"line":107,"column":25}},"107":{"start":{"line":108,"column":0},"end":{"line":108,"column":28}},"108":{"start":{"line":109,"column":0},"end":{"line":109,"column":30}},"109":{"start":{"line":110,"column":0},"end":{"line":110,"column":65}},"110":{"start":{"line":111,"column":0},"end":{"line":111,"column":31}},"111":{"start":{"line":112,"column":0},"end":{"line":112,"column":67}},"112":{"start":{"line":113,"column":0},"end":{"line":113,"column":43}},"113":{"start":{"line":114,"column":0},"end":{"line":114,"column":66}},"114":{"start":{"line":115,"column":0},"end":{"line":115,"column":10}},"115":{"start":{"line":116,"column":0},"end":{"line":116,"column":44}},"116":{"start":{"line":117,"column":0},"end":{"line":117,"column":63}},"117":{"start":{"line":118,"column":0},"end":{"line":118,"column":9}},"118":{"start":{"line":119,"column":0},"end":{"line":119,"column":68}},"119":{"start":{"line":120,"column":0},"end":{"line":120,"column":7}},"120":{"start":{"line":121,"column":0},"end":{"line":121,"column":10}},"121":{"start":{"line":122,"column":0},"end":{"line":122,"column":27}},"122":{"start":{"line":123,"column":0},"end":{"line":123,"column":29}},"123":{"start":{"line":124,"column":0},"end":{"line":124,"column":65}},"124":{"start":{"line":125,"column":0},"end":{"line":125,"column":9}},"125":{"start":{"line":126,"column":0},"end":{"line":126,"column":70}},"126":{"start":{"line":127,"column":0},"end":{"line":127,"column":7}},"127":{"start":{"line":128,"column":0},"end":{"line":128,"column":10}},"128":{"start":{"line":129,"column":0},"end":{"line":129,"column":27}},"129":{"start":{"line":130,"column":0},"end":{"line":130,"column":29}},"130":{"start":{"line":131,"column":0},"end":{"line":131,"column":50}},"131":{"start":{"line":132,"column":0},"end":{"line":132,"column":79}},"132":{"start":{"line":133,"column":0},"end":{"line":133,"column":9}},"133":{"start":{"line":134,"column":0},"end":{"line":134,"column":73}},"134":{"start":{"line":135,"column":0},"end":{"line":135,"column":7}},"135":{"start":{"line":136,"column":0},"end":{"line":136,"column":33}},"136":{"start":{"line":137,"column":0},"end":{"line":137,"column":34}},"137":{"start":{"line":138,"column":0},"end":{"line":138,"column":66}},"138":{"start":{"line":139,"column":0},"end":{"line":139,"column":7}},"139":{"start":{"line":140,"column":0},"end":{"line":140,"column":34}},"140":{"start":{"line":141,"column":0},"end":{"line":141,"column":30}},"141":{"start":{"line":142,"column":0},"end":{"line":142,"column":62}},"142":{"start":{"line":143,"column":0},"end":{"line":143,"column":72}},"143":{"start":{"line":144,"column":0},"end":{"line":144,"column":7}},"144":{"start":{"line":145,"column":0},"end":{"line":145,"column":38}},"145":{"start":{"line":146,"column":0},"end":{"line":146,"column":27}},"146":{"start":{"line":147,"column":0},"end":{"line":147,"column":63}},"147":{"start":{"line":148,"column":0},"end":{"line":148,"column":42}},"148":{"start":{"line":149,"column":0},"end":{"line":149,"column":41}},"149":{"start":{"line":150,"column":0},"end":{"line":150,"column":53}},"150":{"start":{"line":151,"column":0},"end":{"line":151,"column":7}},"151":{"start":{"line":152,"column":0},"end":{"line":152,"column":5}},"152":{"start":{"line":153,"column":0},"end":{"line":153,"column":28}},"153":{"start":{"line":154,"column":0},"end":{"line":154,"column":70}},"154":{"start":{"line":155,"column":0},"end":{"line":155,"column":5}},"155":{"start":{"line":156,"column":0},"end":{"line":156,"column":25}},"156":{"start":{"line":157,"column":0},"end":{"line":157,"column":47}},"157":{"start":{"line":158,"column":0},"end":{"line":158,"column":4}},"159":{"start":{"line":160,"column":0},"end":{"line":160,"column":30}},"160":{"start":{"line":161,"column":0},"end":{"line":161,"column":25}},"166":{"start":{"line":167,"column":0},"end":{"line":167,"column":30}},"167":{"start":{"line":168,"column":0},"end":{"line":168,"column":5}},"168":{"start":{"line":169,"column":0},"end":{"line":169,"column":4}},"170":{"start":{"line":171,"column":0},"end":{"line":171,"column":27}},"172":{"start":{"line":173,"column":0},"end":{"line":173,"column":10}},"173":{"start":{"line":174,"column":0},"end":{"line":174,"column":15}},"174":{"start":{"line":175,"column":0},"end":{"line":175,"column":10}},"175":{"start":{"line":176,"column":0},"end":{"line":176,"column":94}},"176":{"start":{"line":177,"column":0},"end":{"line":177,"column":35}},"178":{"start":{"line":179,"column":0},"end":{"line":179,"column":12}},"179":{"start":{"line":180,"column":0},"end":{"line":180,"column":122}},"183":{"start":{"line":184,"column":0},"end":{"line":184,"column":17}},"184":{"start":{"line":185,"column":0},"end":{"line":185,"column":33}},"185":{"start":{"line":186,"column":0},"end":{"line":186,"column":87}},"186":{"start":{"line":187,"column":0},"end":{"line":187,"column":11}},"188":{"start":{"line":189,"column":0},"end":{"line":189,"column":19}},"191":{"start":{"line":192,"column":0},"end":{"line":192,"column":36}},"192":{"start":{"line":193,"column":0},"end":{"line":193,"column":28}},"193":{"start":{"line":194,"column":0},"end":{"line":194,"column":33}},"194":{"start":{"line":195,"column":0},"end":{"line":195,"column":41}},"195":{"start":{"line":196,"column":0},"end":{"line":196,"column":29}},"196":{"start":{"line":197,"column":0},"end":{"line":197,"column":14}},"198":{"start":{"line":199,"column":0},"end":{"line":199,"column":37}},"199":{"start":{"line":200,"column":0},"end":{"line":200,"column":29}},"200":{"start":{"line":201,"column":0},"end":{"line":201,"column":33}},"201":{"start":{"line":202,"column":0},"end":{"line":202,"column":41}},"202":{"start":{"line":203,"column":0},"end":{"line":203,"column":29}},"203":{"start":{"line":204,"column":0},"end":{"line":204,"column":14}},"205":{"start":{"line":206,"column":0},"end":{"line":206,"column":33}},"206":{"start":{"line":207,"column":0},"end":{"line":207,"column":25}},"207":{"start":{"line":208,"column":0},"end":{"line":208,"column":33}},"208":{"start":{"line":209,"column":0},"end":{"line":209,"column":41}},"209":{"start":{"line":210,"column":0},"end":{"line":210,"column":29}},"210":{"start":{"line":211,"column":0},"end":{"line":211,"column":14}},"212":{"start":{"line":213,"column":0},"end":{"line":213,"column":41}},"213":{"start":{"line":214,"column":0},"end":{"line":214,"column":33}},"214":{"start":{"line":215,"column":0},"end":{"line":215,"column":33}},"215":{"start":{"line":216,"column":0},"end":{"line":216,"column":41}},"216":{"start":{"line":217,"column":0},"end":{"line":217,"column":29}},"217":{"start":{"line":218,"column":0},"end":{"line":218,"column":14}},"221":{"start":{"line":222,"column":0},"end":{"line":222,"column":33}},"222":{"start":{"line":223,"column":0},"end":{"line":223,"column":14}},"224":{"start":{"line":225,"column":0},"end":{"line":225,"column":47}},"226":{"start":{"line":227,"column":0},"end":{"line":227,"column":39}},"227":{"start":{"line":228,"column":0},"end":{"line":228,"column":24}},"228":{"start":{"line":229,"column":0},"end":{"line":229,"column":40}},"229":{"start":{"line":230,"column":0},"end":{"line":230,"column":65}},"230":{"start":{"line":231,"column":0},"end":{"line":231,"column":19}},"232":{"start":{"line":233,"column":0},"end":{"line":233,"column":26}},"233":{"start":{"line":234,"column":0},"end":{"line":234,"column":25}},"234":{"start":{"line":235,"column":0},"end":{"line":235,"column":35}},"235":{"start":{"line":236,"column":0},"end":{"line":236,"column":37}},"236":{"start":{"line":237,"column":0},"end":{"line":237,"column":53}},"237":{"start":{"line":238,"column":0},"end":{"line":238,"column":43}},"238":{"start":{"line":239,"column":0},"end":{"line":239,"column":88}},"240":{"start":{"line":241,"column":0},"end":{"line":241,"column":51}},"241":{"start":{"line":242,"column":0},"end":{"line":242,"column":44}},"242":{"start":{"line":243,"column":0},"end":{"line":243,"column":56}},"243":{"start":{"line":244,"column":0},"end":{"line":244,"column":31}},"244":{"start":{"line":245,"column":0},"end":{"line":245,"column":31}},"245":{"start":{"line":246,"column":0},"end":{"line":246,"column":23}},"246":{"start":{"line":247,"column":0},"end":{"line":247,"column":27}},"247":{"start":{"line":248,"column":0},"end":{"line":248,"column":41}},"248":{"start":{"line":249,"column":0},"end":{"line":249,"column":61}},"249":{"start":{"line":250,"column":0},"end":{"line":250,"column":41}},"250":{"start":{"line":251,"column":0},"end":{"line":251,"column":24}},"252":{"start":{"line":253,"column":0},"end":{"line":253,"column":22}},"255":{"start":{"line":256,"column":0},"end":{"line":256,"column":39}},"256":{"start":{"line":257,"column":0},"end":{"line":257,"column":24}},"257":{"start":{"line":258,"column":0},"end":{"line":258,"column":39}},"258":{"start":{"line":259,"column":0},"end":{"line":259,"column":60}},"259":{"start":{"line":260,"column":0},"end":{"line":260,"column":19}},"261":{"start":{"line":262,"column":0},"end":{"line":262,"column":26}},"262":{"start":{"line":263,"column":0},"end":{"line":263,"column":25}},"263":{"start":{"line":264,"column":0},"end":{"line":264,"column":34}},"264":{"start":{"line":265,"column":0},"end":{"line":265,"column":36}},"265":{"start":{"line":266,"column":0},"end":{"line":266,"column":52}},"266":{"start":{"line":267,"column":0},"end":{"line":267,"column":43}},"267":{"start":{"line":268,"column":0},"end":{"line":268,"column":88}},"269":{"start":{"line":270,"column":0},"end":{"line":270,"column":50}},"270":{"start":{"line":271,"column":0},"end":{"line":271,"column":47}},"271":{"start":{"line":272,"column":0},"end":{"line":272,"column":54}},"272":{"start":{"line":273,"column":0},"end":{"line":273,"column":30}},"273":{"start":{"line":274,"column":0},"end":{"line":274,"column":31}},"274":{"start":{"line":275,"column":0},"end":{"line":275,"column":23}},"275":{"start":{"line":276,"column":0},"end":{"line":276,"column":27}},"276":{"start":{"line":277,"column":0},"end":{"line":277,"column":40}},"277":{"start":{"line":278,"column":0},"end":{"line":278,"column":61}},"278":{"start":{"line":279,"column":0},"end":{"line":279,"column":40}},"279":{"start":{"line":280,"column":0},"end":{"line":280,"column":24}},"281":{"start":{"line":282,"column":0},"end":{"line":282,"column":22}},"282":{"start":{"line":283,"column":0},"end":{"line":283,"column":20}},"285":{"start":{"line":286,"column":0},"end":{"line":286,"column":47}},"287":{"start":{"line":288,"column":0},"end":{"line":288,"column":39}},"288":{"start":{"line":289,"column":0},"end":{"line":289,"column":24}},"289":{"start":{"line":290,"column":0},"end":{"line":290,"column":38}},"290":{"start":{"line":291,"column":0},"end":{"line":291,"column":65}},"291":{"start":{"line":292,"column":0},"end":{"line":292,"column":19}},"293":{"start":{"line":294,"column":0},"end":{"line":294,"column":26}},"294":{"start":{"line":295,"column":0},"end":{"line":295,"column":25}},"295":{"start":{"line":296,"column":0},"end":{"line":296,"column":33}},"296":{"start":{"line":297,"column":0},"end":{"line":297,"column":35}},"297":{"start":{"line":298,"column":0},"end":{"line":298,"column":51}},"298":{"start":{"line":299,"column":0},"end":{"line":299,"column":43}},"299":{"start":{"line":300,"column":0},"end":{"line":300,"column":88}},"301":{"start":{"line":302,"column":0},"end":{"line":302,"column":51}},"302":{"start":{"line":303,"column":0},"end":{"line":303,"column":44}},"303":{"start":{"line":304,"column":0},"end":{"line":304,"column":56}},"304":{"start":{"line":305,"column":0},"end":{"line":305,"column":31}},"305":{"start":{"line":306,"column":0},"end":{"line":306,"column":31}},"306":{"start":{"line":307,"column":0},"end":{"line":307,"column":23}},"307":{"start":{"line":308,"column":0},"end":{"line":308,"column":27}},"308":{"start":{"line":309,"column":0},"end":{"line":309,"column":39}},"309":{"start":{"line":310,"column":0},"end":{"line":310,"column":61}},"310":{"start":{"line":311,"column":0},"end":{"line":311,"column":39}},"311":{"start":{"line":312,"column":0},"end":{"line":312,"column":24}},"313":{"start":{"line":314,"column":0},"end":{"line":314,"column":22}},"316":{"start":{"line":317,"column":0},"end":{"line":317,"column":39}},"317":{"start":{"line":318,"column":0},"end":{"line":318,"column":24}},"318":{"start":{"line":319,"column":0},"end":{"line":319,"column":37}},"319":{"start":{"line":320,"column":0},"end":{"line":320,"column":65}},"320":{"start":{"line":321,"column":0},"end":{"line":321,"column":19}},"322":{"start":{"line":323,"column":0},"end":{"line":323,"column":26}},"323":{"start":{"line":324,"column":0},"end":{"line":324,"column":25}},"324":{"start":{"line":325,"column":0},"end":{"line":325,"column":32}},"325":{"start":{"line":326,"column":0},"end":{"line":326,"column":34}},"326":{"start":{"line":327,"column":0},"end":{"line":327,"column":50}},"327":{"start":{"line":328,"column":0},"end":{"line":328,"column":43}},"328":{"start":{"line":329,"column":0},"end":{"line":329,"column":88}},"330":{"start":{"line":331,"column":0},"end":{"line":331,"column":50}},"331":{"start":{"line":332,"column":0},"end":{"line":332,"column":45}},"332":{"start":{"line":333,"column":0},"end":{"line":333,"column":54}},"333":{"start":{"line":334,"column":0},"end":{"line":334,"column":30}},"334":{"start":{"line":335,"column":0},"end":{"line":335,"column":31}},"335":{"start":{"line":336,"column":0},"end":{"line":336,"column":23}},"336":{"start":{"line":337,"column":0},"end":{"line":337,"column":27}},"337":{"start":{"line":338,"column":0},"end":{"line":338,"column":38}},"338":{"start":{"line":339,"column":0},"end":{"line":339,"column":61}},"339":{"start":{"line":340,"column":0},"end":{"line":340,"column":38}},"340":{"start":{"line":341,"column":0},"end":{"line":341,"column":24}},"342":{"start":{"line":343,"column":0},"end":{"line":343,"column":22}},"343":{"start":{"line":344,"column":0},"end":{"line":344,"column":20}},"344":{"start":{"line":345,"column":0},"end":{"line":345,"column":15}},"348":{"start":{"line":349,"column":0},"end":{"line":349,"column":68}},"349":{"start":{"line":350,"column":0},"end":{"line":350,"column":38}},"350":{"start":{"line":351,"column":0},"end":{"line":351,"column":21}},"351":{"start":{"line":352,"column":0},"end":{"line":352,"column":67}},"352":{"start":{"line":353,"column":0},"end":{"line":353,"column":41}},"353":{"start":{"line":354,"column":0},"end":{"line":354,"column":56}},"354":{"start":{"line":355,"column":0},"end":{"line":355,"column":43}},"355":{"start":{"line":356,"column":0},"end":{"line":356,"column":15}},"357":{"start":{"line":358,"column":0},"end":{"line":358,"column":23}},"359":{"start":{"line":360,"column":0},"end":{"line":360,"column":19}},"360":{"start":{"line":361,"column":0},"end":{"line":361,"column":66}},"361":{"start":{"line":362,"column":0},"end":{"line":362,"column":39}},"362":{"start":{"line":363,"column":0},"end":{"line":363,"column":36}},"363":{"start":{"line":364,"column":0},"end":{"line":364,"column":39}},"364":{"start":{"line":365,"column":0},"end":{"line":365,"column":13}},"366":{"start":{"line":367,"column":0},"end":{"line":367,"column":21}},"367":{"start":{"line":368,"column":0},"end":{"line":368,"column":16}},"368":{"start":{"line":369,"column":0},"end":{"line":369,"column":14}},"371":{"start":{"line":372,"column":0},"end":{"line":372,"column":30}},"372":{"start":{"line":373,"column":0},"end":{"line":373,"column":23}},"373":{"start":{"line":374,"column":0},"end":{"line":374,"column":36}},"374":{"start":{"line":375,"column":0},"end":{"line":375,"column":79}},"375":{"start":{"line":376,"column":0},"end":{"line":376,"column":44}},"376":{"start":{"line":377,"column":0},"end":{"line":377,"column":55}},"377":{"start":{"line":378,"column":0},"end":{"line":378,"column":12}},"379":{"start":{"line":380,"column":0},"end":{"line":380,"column":29}},"380":{"start":{"line":381,"column":0},"end":{"line":381,"column":23}},"381":{"start":{"line":382,"column":0},"end":{"line":382,"column":34}},"382":{"start":{"line":383,"column":0},"end":{"line":383,"column":95}},"383":{"start":{"line":384,"column":0},"end":{"line":384,"column":43}},"384":{"start":{"line":385,"column":0},"end":{"line":385,"column":54}},"385":{"start":{"line":386,"column":0},"end":{"line":386,"column":12}},"387":{"start":{"line":388,"column":0},"end":{"line":388,"column":12}},"390":{"start":{"line":391,"column":0},"end":{"line":391,"column":1}},"391":{"start":{"line":392,"column":0},"end":{"line":392,"column":28}}},"s":{"0":1,"1":1,"2":1,"3":1,"4":1,"7":1,"8":7,"9":7,"10":7,"11":7,"12":7,"13":7,"15":7,"16":7,"17":7,"18":7,"19":7,"20":7,"22":7,"23":7,"24":7,"25":7,"29":1,"30":3,"31":36,"32":3,"34":1,"35":1,"36":1,"37":3,"39":1,"40":3,"42":1,"43":1,"44":1,"45":1,"47":144,"48":144,"49":144,"50":144,"51":144,"52":144,"53":144,"54":144,"55":144,"56":144,"57":144,"58":144,"59":144,"61":144,"62":52,"63":27,"64":52,"65":25,"66":25,"67":52,"68":52,"69":52,"70":144,"72":144,"73":68,"74":32,"75":32,"76":144,"78":144,"79":24,"80":24,"81":24,"82":24,"84":144,"85":144,"87":144,"88":4,"89":3,"90":4,"91":1,"92":1,"93":4,"95":144,"96":1,"97":1,"98":1,"100":144,"101":4,"102":4,"103":4,"105":144,"106":15,"107":15,"108":13,"109":13,"110":13,"111":13,"112":13,"113":13,"114":13,"115":13,"116":0,"117":13,"118":0,"119":0,"120":13,"121":13,"122":2,"123":2,"124":13,"125":1,"126":1,"127":13,"128":13,"129":2,"130":2,"131":1,"132":13,"133":1,"134":1,"135":13,"136":2,"137":2,"138":2,"139":13,"140":10,"141":10,"142":10,"143":10,"144":13,"145":1,"146":1,"147":1,"148":1,"149":1,"150":1,"151":13,"152":15,"153":2,"154":2,"155":15,"156":15,"157":15,"159":144,"160":15,"166":7,"167":7,"168":15,"170":144,"172":108,"173":108,"174":108,"175":108,"176":108,"178":108,"179":108,"183":108,"184":108,"185":108,"186":108,"188":108,"191":108,"192":6,"193":6,"194":6,"195":6,"196":6,"198":108,"199":71,"200":71,"201":71,"202":71,"203":71,"205":108,"206":28,"207":28,"208":28,"209":28,"210":28,"212":108,"213":3,"214":3,"215":3,"216":3,"217":3,"221":108,"222":80,"224":80,"226":80,"227":80,"228":80,"229":80,"230":80,"232":80,"233":80,"234":80,"235":80,"236":80,"237":80,"238":80,"240":80,"241":80,"242":960,"243":960,"244":960,"245":80,"246":80,"247":80,"248":10,"249":10,"250":10,"252":80,"255":80,"256":80,"257":80,"258":80,"259":80,"261":80,"262":80,"263":80,"264":80,"265":80,"266":80,"267":80,"269":80,"270":80,"271":8080,"272":8080,"273":8080,"274":80,"275":80,"276":80,"277":8,"278":8,"279":8,"281":80,"282":80,"285":80,"287":80,"288":80,"289":80,"290":80,"291":80,"293":80,"294":80,"295":80,"296":80,"297":80,"298":80,"299":80,"301":80,"302":80,"303":960,"304":960,"305":960,"306":80,"307":80,"308":80,"309":2,"310":2,"311":2,"313":80,"316":80,"317":80,"318":80,"319":80,"320":80,"322":80,"323":80,"324":80,"325":80,"326":80,"327":80,"328":80,"330":80,"331":80,"332":8880,"333":8880,"334":8880,"335":80,"336":80,"337":80,"338":2,"339":2,"340":2,"342":80,"343":80,"344":80,"348":108,"349":108,"350":60,"351":60,"352":60,"353":60,"354":60,"355":60,"357":60,"359":108,"360":108,"361":108,"362":108,"363":108,"364":108,"366":108,"367":108,"368":108,"371":108,"372":3,"373":3,"374":3,"375":3,"376":3,"377":3,"379":108,"380":5,"381":5,"382":5,"383":5,"384":5,"385":5,"387":108,"390":144,"391":1},"branchMap":{"0":{"type":"branch","line":8,"loc":{"start":{"line":8,"column":21},"end":{"line":26,"column":8}},"locations":[{"start":{"line":8,"column":21},"end":{"line":26,"column":8}}]},"1":{"type":"branch","line":30,"loc":{"start":{"line":30,"column":21},"end":{"line":33,"column":4}},"locations":[{"start":{"line":30,"column":21},"end":{"line":33,"column":4}}]},"2":{"type":"branch","line":31,"loc":{"start":{"line":31,"column":21},"end":{"line":32,"column":66}},"locations":[{"start":{"line":31,"column":21},"end":{"line":32,"column":66}}]},"3":{"type":"branch","line":37,"loc":{"start":{"line":37,"column":22},"end":{"line":38,"column":110}},"locations":[{"start":{"line":37,"column":22},"end":{"line":38,"column":110}}]},"4":{"type":"branch","line":38,"loc":{"start":{"line":38,"column":49},"end":{"line":38,"column":74}},"locations":[{"start":{"line":38,"column":49},"end":{"line":38,"column":74}}]},"5":{"type":"branch","line":40,"loc":{"start":{"line":40,"column":20},"end":{"line":41,"column":103}},"locations":[{"start":{"line":40,"column":20},"end":{"line":41,"column":103}}]},"6":{"type":"branch","line":41,"loc":{"start":{"line":41,"column":49},"end":{"line":41,"column":74}},"locations":[{"start":{"line":41,"column":49},"end":{"line":41,"column":74}}]},"7":{"type":"branch","line":48,"loc":{"start":{"line":48,"column":0},"end":{"line":391,"column":1}},"locations":[{"start":{"line":48,"column":0},"end":{"line":391,"column":1}}]},"8":{"type":"branch","line":171,"loc":{"start":{"line":171,"column":15},"end":{"line":171,"column":27}},"locations":[{"start":{"line":171,"column":15},"end":{"line":171,"column":27}}]},"9":{"type":"branch","line":171,"loc":{"start":{"line":171,"column":22},"end":{"line":388,"column":12}},"locations":[{"start":{"line":171,"column":22},"end":{"line":388,"column":12}}]},"10":{"type":"branch","line":192,"loc":{"start":{"line":192,"column":20},"end":{"line":197,"column":14}},"locations":[{"start":{"line":192,"column":20},"end":{"line":197,"column":14}}]},"11":{"type":"branch","line":199,"loc":{"start":{"line":199,"column":20},"end":{"line":204,"column":14}},"locations":[{"start":{"line":199,"column":20},"end":{"line":204,"column":14}}]},"12":{"type":"branch","line":206,"loc":{"start":{"line":206,"column":20},"end":{"line":211,"column":14}},"locations":[{"start":{"line":206,"column":20},"end":{"line":211,"column":14}}]},"13":{"type":"branch","line":213,"loc":{"start":{"line":213,"column":20},"end":{"line":218,"column":14}},"locations":[{"start":{"line":213,"column":20},"end":{"line":218,"column":14}}]},"14":{"type":"branch","line":222,"loc":{"start":{"line":222,"column":20},"end":{"line":345,"column":15}},"locations":[{"start":{"line":222,"column":20},"end":{"line":345,"column":15}}]},"15":{"type":"branch","line":237,"loc":{"start":{"line":237,"column":36},"end":{"line":237,"column":53}},"locations":[{"start":{"line":237,"column":36},"end":{"line":237,"column":53}}]},"16":{"type":"branch","line":248,"loc":{"start":{"line":248,"column":26},"end":{"line":251,"column":24}},"locations":[{"start":{"line":248,"column":26},"end":{"line":251,"column":24}}]},"17":{"type":"branch","line":266,"loc":{"start":{"line":266,"column":36},"end":{"line":266,"column":52}},"locations":[{"start":{"line":266,"column":36},"end":{"line":266,"column":52}}]},"18":{"type":"branch","line":277,"loc":{"start":{"line":277,"column":26},"end":{"line":280,"column":24}},"locations":[{"start":{"line":277,"column":26},"end":{"line":280,"column":24}}]},"19":{"type":"branch","line":298,"loc":{"start":{"line":298,"column":36},"end":{"line":298,"column":51}},"locations":[{"start":{"line":298,"column":36},"end":{"line":298,"column":51}}]},"20":{"type":"branch","line":309,"loc":{"start":{"line":309,"column":26},"end":{"line":312,"column":24}},"locations":[{"start":{"line":309,"column":26},"end":{"line":312,"column":24}}]},"21":{"type":"branch","line":327,"loc":{"start":{"line":327,"column":36},"end":{"line":327,"column":50}},"locations":[{"start":{"line":327,"column":36},"end":{"line":327,"column":50}}]},"22":{"type":"branch","line":338,"loc":{"start":{"line":338,"column":26},"end":{"line":341,"column":24}},"locations":[{"start":{"line":338,"column":26},"end":{"line":341,"column":24}}]},"23":{"type":"branch","line":350,"loc":{"start":{"line":350,"column":13},"end":{"line":350,"column":38}},"locations":[{"start":{"line":350,"column":13},"end":{"line":350,"column":38}}]},"24":{"type":"branch","line":350,"loc":{"start":{"line":350,"column":25},"end":{"line":358,"column":23}},"locations":[{"start":{"line":350,"column":25},"end":{"line":358,"column":23}}]},"25":{"type":"branch","line":372,"loc":{"start":{"line":372,"column":9},"end":{"line":378,"column":12}},"locations":[{"start":{"line":372,"column":9},"end":{"line":378,"column":12}}]},"26":{"type":"branch","line":380,"loc":{"start":{"line":380,"column":9},"end":{"line":386,"column":12}},"locations":[{"start":{"line":380,"column":9},"end":{"line":386,"column":12}}]},"27":{"type":"branch","line":62,"loc":{"start":{"line":62,"column":12},"end":{"line":71,"column":5}},"locations":[{"start":{"line":62,"column":12},"end":{"line":71,"column":5}}]},"28":{"type":"branch","line":63,"loc":{"start":{"line":63,"column":16},"end":{"line":65,"column":11}},"locations":[{"start":{"line":63,"column":16},"end":{"line":65,"column":11}}]},"29":{"type":"branch","line":65,"loc":{"start":{"line":65,"column":4},"end":{"line":67,"column":5}},"locations":[{"start":{"line":65,"column":4},"end":{"line":67,"column":5}}]},"30":{"type":"branch","line":68,"loc":{"start":{"line":68,"column":11},"end":{"line":70,"column":6}},"locations":[{"start":{"line":68,"column":11},"end":{"line":70,"column":6}}]},"31":{"type":"branch","line":73,"loc":{"start":{"line":73,"column":12},"end":{"line":77,"column":5}},"locations":[{"start":{"line":73,"column":12},"end":{"line":77,"column":5}}]},"32":{"type":"branch","line":74,"loc":{"start":{"line":74,"column":16},"end":{"line":76,"column":5}},"locations":[{"start":{"line":74,"column":16},"end":{"line":76,"column":5}}]},"33":{"type":"branch","line":75,"loc":{"start":{"line":75,"column":18},"end":{"line":75,"column":35}},"locations":[{"start":{"line":75,"column":18},"end":{"line":75,"column":35}}]},"34":{"type":"branch","line":79,"loc":{"start":{"line":79,"column":23},"end":{"line":83,"column":4}},"locations":[{"start":{"line":79,"column":23},"end":{"line":83,"column":4}}]},"35":{"type":"branch","line":81,"loc":{"start":{"line":81,"column":37},"end":{"line":81,"column":60}},"locations":[{"start":{"line":81,"column":37},"end":{"line":81,"column":60}}]},"36":{"type":"branch","line":82,"loc":{"start":{"line":82,"column":16},"end":{"line":82,"column":59}},"locations":[{"start":{"line":82,"column":16},"end":{"line":82,"column":59}}]},"37":{"type":"branch","line":88,"loc":{"start":{"line":88,"column":22},"end":{"line":94,"column":4}},"locations":[{"start":{"line":88,"column":22},"end":{"line":94,"column":4}}]},"38":{"type":"branch","line":89,"loc":{"start":{"line":89,"column":27},"end":{"line":91,"column":11}},"locations":[{"start":{"line":89,"column":27},"end":{"line":91,"column":11}}]},"39":{"type":"branch","line":91,"loc":{"start":{"line":91,"column":4},"end":{"line":93,"column":5}},"locations":[{"start":{"line":91,"column":4},"end":{"line":93,"column":5}}]},"40":{"type":"branch","line":96,"loc":{"start":{"line":96,"column":31},"end":{"line":99,"column":4}},"locations":[{"star
[...]
,"C:\\Users\\ASUS\\Desktop\\sw project\\Front-end\\src\\pages\\UserProfile\\Components\\Pages\\CertificationsPage.jsx": {"path":"C:\\Users\\ASUS\\Desktop\\sw project\\Front-end\\src\\pages\\UserProfile\\Components\\Pages\\CertificationsPage.jsx","all":false,"statementMap":{"0":{"start":{"line":1,"column":0},"end":{"line":1,"column":56}},"2":{"start":{"line":3,"column":0},"end":{"line":3,"column":34}},"3":{"start":{"line":4,"column":0},"end":{"line":4,"column":70}},"4":{"start":{"line":5,"column":0},"end":{"line":5,"column":2}},"6":{"start":{"line":7,"column":0},"end":{"line":7,"column":34}}},"s":{"0":1,"2":1,"3":1,"4":1,"6":1},"branchMap":{"0":{"type":"branch","line":3,"loc":{"start":{"line":3,"column":27},"end":{"line":5,"column":2}},"locations":[{"start":{"line":3,"column":27},"end":{"line":5,"column":2}}]}},"b":{"0":[1]},"fnMap":{"0":{"name":"CertificationsPage","decl":{"start":{"line":3,"column":27},"end":{"line":5,"column":2}},"loc":{"start":{"line":3,"column":27},"end":{"line":5,"column":2}},"line":3}},"f":{"0":1}}
,"C:\\Users\\ASUS\\Desktop\\sw project\\Front-end\\src\\pages\\UserProfile\\Components\\Pages\\EducationPage.jsx": {"path":"C:\\Users\\ASUS\\Desktop\\sw project\\Front-end\\src\\pages\\UserProfile\\Components\\Pages\\EducationPage.jsx","all":false,"statementMap":{"0":{"start":{"line":1,"column":0},"end":{"line":1,"column":56}},"2":{"start":{"line":3,"column":0},"end":{"line":3,"column":30}},"3":{"start":{"line":4,"column":0},"end":{"line":4,"column":60}},"4":{"start":{"line":5,"column":0},"end":{"line":5,"column":2}},"6":{"start":{"line":7,"column":0},"end":{"line":7,"column":30}}},"s":{"0":1,"2":1,"3":1,"4":1,"6":1},"branchMap":{"0":{"type":"branch","line":3,"loc":{"start":{"line":3,"column":23},"end":{"line":5,"column":2}},"locations":[{"start":{"line":3,"column":23},"end":{"line":5,"column":2}}]}},"b":{"0":[1]},"fnMap":{"0":{"name":"EducationePage","decl":{"start":{"line":3,"column":23},"end":{"line":5,"column":2}},"loc":{"start":{"line":3,"column":23},"end":{"line":5,"column":2}},"line":3}},"f":{"0":1}}
,"C:\\Users\\ASUS\\Desktop\\sw project\\Front-end\\src\\pages\\UserProfile\\Components\\Pages\\ExperiencePage.jsx": {"path":"C:\\Users\\ASUS\\Desktop\\sw project\\Front-end\\src\\pages\\UserProfile\\Components\\Pages\\ExperiencePage.jsx","all":false,"statementMap":{"0":{"start":{"line":1,"column":0},"end":{"line":1,"column":56}},"2":{"start":{"line":3,"column":0},"end":{"line":3,"column":30}},"3":{"start":{"line":4,"column":0},"end":{"line":4,"column":63}},"4":{"start":{"line":5,"column":0},"end":{"line":5,"column":2}},"6":{"start":{"line":7,"column":0},"end":{"line":7,"column":30}}},"s":{"0":1,"2":1,"3":1,"4":1,"6":1},"branchMap":{"0":{"type":"branch","line":3,"loc":{"start":{"line":3,"column":23},"end":{"line":5,"column":2}},"locations":[{"start":{"line":3,"column":23},"end":{"line":5,"column":2}}]}},"b":{"0":[1]},"fnMap":{"0":{"name":"ExperiencePage","decl":{"start":{"line":3,"column":23},"end":{"line":5,"column":2}},"loc":{"start":{"line":3,"column":23},"end":{"line":5,"column":2}},"line":3}},"f":{"0":1}}
,"C:\\Users\\ASUS\\Desktop\\sw project\\Front-end\\src\\pages\\UserProfile\\Components\\Pages\\SkillsPage.jsx": {"path":"C:\\Users\\ASUS\\Desktop\\sw project\\Front-end\\src\\pages\\UserProfile\\Components\\Pages\\SkillsPage.jsx","all":false,"statementMap":{"0":{"start":{"line":1,"column":0},"end":{"line":1,"column":56}},"2":{"start":{"line":3,"column":0},"end":{"line":3,"column":26}},"3":{"start":{"line":4,"column":0},"end":{"line":4,"column":54}},"4":{"start":{"line":5,"column":0},"end":{"line":5,"column":2}},"6":{"start":{"line":7,"column":0},"end":{"line":7,"column":26}}},"s":{"0":1,"2":1,"3":1,"4":1,"6":1},"branchMap":{"0":{"type":"branch","line":3,"loc":{"start":{"line":3,"column":19},"end":{"line":5,"column":2}},"locations":[{"start":{"line":3,"column":19},"end":{"line":5,"column":2}}]}},"b":{"0":[1]},"fnMap":{"0":{"name":"SkillsPage","decl":{"start":{"line":3,"column":19},"end":{"line":5,"column":2}},"loc":{"start":{"line":3,"column":19},"end":{"line":5,"column":2}},"line":3}},"f":{"0":1}}
,"C:\\Users\\ASUS\\Desktop\\sw project\\Front-end\\src\\pages\\UserProfile\\Components\\Sections\\AboutSection.jsx": {"path":"C:\\Users\\ASUS\\Desktop\\sw project\\Front-end\\src\\pages\\UserProfile\\Components\\Sections\\AboutSection.jsx","all":false,"statementMap":{"0":{"start":{"line":1,"column":0},"end":{"line":1,"column":40}},"1":{"start":{"line":2,"column":0},"end":{"line":2,"column":43}},"3":{"start":{"line":4,"column":0},"end":{"line":4,"column":67}},"4":{"start":{"line":5,"column":0},"end":{"line":5,"column":25}},"5":{"start":{"line":6,"column":0},"end":{"line":6,"column":50}},"6":{"start":{"line":7,"column":0},"end":{"line":7,"column":44}},"7":{"start":{"line":8,"column":0},"end":{"line":8,"column":87}},"9":{"start":{"line":10,"column":0},"end":{"line":10,"column":32}},"12":{"start":{"line":13,"column":0},"end":{"line":13,"column":33}},"13":{"start":{"line":14,"column":0},"end":{"line":14,"column":4}},"15":{"start":{"line":16,"column":0},"end":{"line":16,"column":33}},"17":{"start":{"line":18,"column":0},"end":{"line":18,"column":35}},"18":{"start":{"line":19,"column":0},"end":{"line":19,"column":4}},"20":{"start":{"line":21,"column":0},"end":{"line":21,"column":10}},"21":{"start":{"line":22,"column":0},"end":{"line":22,"column":90}},"22":{"start":{"line":23,"column":0},"end":{"line":23,"column":62}},"23":{"start":{"line":24,"column":0},"end":{"line":24,"column":62}},"26":{"start":{"line":27,"column":0},"end":{"line":27,"column":73}},"29":{"start":{"line":30,"column":0},"end":{"line":30,"column":74}},"30":{"start":{"line":31,"column":0},"end":{"line":31,"column":12}},"33":{"start":{"line":34,"column":0},"end":{"line":34,"column":19}},"34":{"start":{"line":35,"column":0},"end":{"line":35,"column":10}},"35":{"start":{"line":36,"column":0},"end":{"line":36,"column":12}},"36":{"start":{"line":37,"column":0},"end":{"line":37,"column":73}},"37":{"start":{"line":38,"column":0},"end":{"line":38,"column":44}},"38":{"start":{"line":39,"column":0},"end":{"line":39,"column":15}},"40":{"start":{"line":41,"column":0},"end":{"line":41,"column":24}},"41":{"start":{"line":42,"column":0},"end":{"line":42,"column":14}},"42":{"start":{"line":43,"column":0},"end":{"line":43,"column":25}},"43":{"start":{"line":44,"column":0},"end":{"line":44,"column":19}},"44":{"start":{"line":45,"column":0},"end":{"line":45,"column":52}},"45":{"start":{"line":46,"column":0},"end":{"line":46,"column":71}},"47":{"start":{"line":48,"column":0},"end":{"line":48,"column":45}},"48":{"start":{"line":49,"column":0},"end":{"line":49,"column":21}},"50":{"start":{"line":51,"column":0},"end":{"line":51,"column":11}},"53":{"start":{"line":54,"column":0},"end":{"line":54,"column":79}},"55":{"start":{"line":56,"column":0},"end":{"line":56,"column":10}},"57":{"start":{"line":58,"column":0},"end":{"line":58,"column":1}},"59":{"start":{"line":60,"column":0},"end":{"line":60,"column":28}}},"s":{"0":1,"1":1,"3":10,"4":10,"5":9,"6":9,"7":10,"9":10,"12":1,"13":1,"15":10,"17":1,"18":1,"20":10,"21":10,"22":10,"23":10,"26":10,"29":10,"30":10,"33":10,"34":6,"35":6,"36":6,"37":6,"38":6,"40":6,"41":6,"42":6,"43":2,"44":2,"45":2,"47":2,"48":2,"50":6,"53":3,"55":10,"57":10,"59":1},"branchMap":{"0":{"type":"branch","line":4,"loc":{"start":{"line":4,"column":0},"end":{"line":58,"column":1}},"locations":[{"start":{"line":4,"column":0},"end":{"line":58,"column":1}}]},"1":{"type":"branch","line":5,"loc":{"start":{"line":5,"column":13},"end":{"line":5,"column":25}},"locations":[{"start":{"line":5,"column":13},"end":{"line":5,"column":25}}]},"2":{"type":"branch","line":5,"loc":{"start":{"line":5,"column":20},"end":{"line":8,"column":33}},"locations":[{"start":{"line":5,"column":20},"end":{"line":8,"column":33}}]},"3":{"type":"branch","line":8,"loc":{"start":{"line":8,"column":24},"end":{"line":8,"column":87}},"locations":[{"start":{"line":8,"column":24},"end":{"line":8,"column":87}}]},"4":{"type":"branch","line":27,"loc":{"start":{"line":27,"column":9},"end":{"line":27,"column":33}},"locations":[{"start":{"line":27,"column":9},"end":{"line":27,"column":33}}]},"5":{"type":"branch","line":27,"loc":{"start":{"line":27,"column":21},"end":{"line":27,"column":73}},"locations":[{"start":{"line":27,"column":21},"end":{"line":27,"column":73}}]},"6":{"type":"branch","line":30,"loc":{"start":{"line":30,"column":9},"end":{"line":30,"column":32}},"locations":[{"start":{"line":30,"column":9},"end":{"line":30,"column":32}}]},"7":{"type":"branch","line":30,"loc":{"start":{"line":30,"column":20},"end":{"line":30,"column":74}},"locations":[{"start":{"line":30,"column":20},"end":{"line":30,"column":74}}]},"8":{"type":"branch","line":34,"loc":{"start":{"line":34,"column":7},"end":{"line":51,"column":11}},"locations":[{"start":{"line":34,"column":7},"end":{"line":51,"column":11}}]},"9":{"type":"branch","line":38,"loc":{"start":{"line":38,"column":14},"end":{"line":38,"column":30}},"locations":[{"start":{"line":38,"column":14},"end":{"line":38,"column":30}}]},"10":{"type":"branch","line":38,"loc":{"start":{"line":38,"column":25},"end":{"line":38,"column":44}},"locations":[{"start":{"line":38,"column":25},"end":{"line":38,"column":44}}]},"11":{"type":"branch","line":43,"loc":{"start":{"line":43,"column":11},"end":{"line":49,"column":21}},"locations":[{"start":{"line":43,"column":11},"end":{"line":49,"column":21}}]},"12":{"type":"branch","line":48,"loc":{"start":{"line":48,"column":16},"end":{"line":48,"column":40}},"locations":[{"start":{"line":48,"column":16},"end":{"line":48,"column":40}}]},"13":{"type":"branch","line":48,"loc":{"start":{"line":48,"column":27},"end":{"line":48,"column":45}},"locations":[{"start":{"line":48,"column":27},"end":{"line":48,"column":45}}]},"14":{"type":"branch","line":51,"loc":{"start":{"line":51,"column":8},"end":{"line":54,"column":79}},"locations":[{"start":{"line":51,"column":8},"end":{"line":54,"column":79}}]},"15":{"type":"branch","line":10,"loc":{"start":{"line":10,"column":25},"end":{"line":14,"column":4}},"locations":[{"start":{"line":10,"column":25},"end":{"line":14,"column":4}}]},"16":{"type":"branch","line":16,"loc":{"start":{"line":16,"column":26},"end":{"line":19,"column":4}},"locations":[{"start":{"line":16,"column":26},"end":{"line":19,"column":4}}]},"17":{"type":"branch","line":45,"loc":{"start":{"line":45,"column":23},"end":{"line":45,"column":52}},"locations":[{"start":{"line":45,"column":23},"end":{"line":45,"column":52}}]}},"b":{"0":[10],"1":[1],"2":[9],"3":[6],"4":[5],"5":[3],"6":[5],"7":[2],"8":[6],"9":[1],"10":[5],"11":[2],"12":[1],"13":[1],"14":[3],"15":[1],"16":[1],"17":[1]},"fnMap":{"0":{"name":"AboutSection","decl":{"start":{"line":4,"column":0},"end":{"line":58,"column":1}},"loc":{"start":{"line":4,"column":0},"end":{"line":58,"column":1}},"line":4},"1":{"name":"handleAddAbout","decl":{"start":{"line":10,"column":25},"end":{"line":14,"column":4}},"loc":{"start":{"line":10,"column":25},"end":{"line":14,"column":4}},"line":10},"2":{"name":"handleEditAbout","decl":{"start":{"line":16,"column":26},"end":{"line":19,"column":4}},"loc":{"start":{"line":16,"column":26},"end":{"line":19,"column":4}},"line":16},"3":{"name":"onClick","decl":{"start":{"line":45,"column":23},"end":{"line":45,"column":52}},"loc":{"start":{"line":45,"column":23},"end":{"line":45,"column":52}},"line":45}},"f":{"0":10,"1":1,"2":1,"3":1}}
,"C:\\Users\\ASUS\\Desktop\\sw project\\Front-end\\src\\pages\\UserProfile\\Components\\Sections\\CertificationsSection.jsx": {"path":"C:\\Users\\ASUS\\Desktop\\sw project\\Front-end\\src\\pages\\UserProfile\\Components\\Sections\\CertificationsSection.jsx","all":false,"statementMap":{"0":{"start":{"line":1,"column":0},"end":{"line":1,"column":26}},"1":{"start":{"line":2,"column":0},"end":{"line":2,"column":62}},"3":{"start":{"line":4,"column":0},"end":{"line":4,"column":51}},"4":{"start":{"line":5,"column":0},"end":{"line":5,"column":10}},"5":{"start":{"line":6,"column":0},"end":{"line":6,"column":9}},"6":{"start":{"line":7,"column":0},"end":{"line":7,"column":21}},"7":{"start":{"line":8,"column":0},"end":{"line":8,"column":41}},"8":{"start":{"line":9,"column":0},"end":{"line":9,"column":29}},"9":{"start":{"line":10,"column":0},"end":{"line":10,"column":41}},"10":{"start":{"line":11,"column":0},"end":{"line":11,"column":25}},"11":{"start":{"line":12,"column":0},"end":{"line":12,"column":39}},"12":{"start":{"line":13,"column":0},"end":{"line":13,"column":8}},"13":{"start":{"line":14,"column":0},"end":{"line":14,"column":10}},"15":{"start":{"line":16,"column":0},"end":{"line":16,"column":1}},"17":{"start":{"line":18,"column":0},"end":{"line":18,"column":37}}},"s":{"0":1,"1":1,"3":3,"4":3,"5":3,"6":3,"7":3,"8":3,"9":3,"10":3,"11":3,"12":3,"13":3,"15":3,"17":1},"branchMap":{"0":{"type":"branch","line":4,"loc":{"start":{"line":4,"column":0},"end":{"line":16,"column":1}},"locations":[{"start":{"line":4,"column":0},"end":{"line":16,"column":1}}]},"1":{"type":"branch","line":10,"loc":{"start":{"line":10,"column":20},"end":{"line":10,"column":41}},"locations":[{"start":{"line":10,"column":20},"end":{"line":10,"column":41}}]}},"b":{"0":[3],"1":[1]},"fnMap":{"0":{"name":"CertificationsSection","decl":{"start":{"line":4,"column":0},"end":{"line":16,"column":1}},"loc":{"start":{"line":4,"column":0},"end":{"line":16,"column":1}},"line":4}},"f":{"0":3}}
,"C:\\Users\\ASUS\\Desktop\\sw project\\Front-end\\src\\pages\\UserProfile\\Components\\Sections\\EducationSection.jsx": {"path":"C:\\Users\\ASUS\\Desktop\\sw project\\Front-end\\src\\pages\\UserProfile\\Components\\Sections\\EducationSection.jsx","all":false,"statementMap":{"0":{"start":{"line":1,"column":0},"end":{"line":1,"column":26}},"1":{"start":{"line":2,"column":0},"end":{"line":2,"column":62}},"3":{"start":{"line":4,"column":0},"end":{"line":4,"column":58}},"4":{"start":{"line":5,"column":0},"end":{"line":5,"column":10}},"5":{"start":{"line":6,"column":0},"end":{"line":6,"column":26}},"6":{"start":{"line":7,"column":0},"end":{"line":7,"column":21}},"7":{"start":{"line":8,"column":0},"end":{"line":8,"column":25}},"8":{"start":{"line":9,"column":0},"end":{"line":9,"column":24}},"9":{"start":{"line":10,"column":0},"end":{"line":10,"column":36}},"10":{"start":{"line":11,"column":0},"end":{"line":11,"column":25}},"11":{"start":{"line":12,"column":0},"end":{"line":12,"column":39}},"12":{"start":{"line":13,"column":0},"end":{"line":13,"column":8}},"13":{"start":{"line":14,"column":0},"end":{"line":14,"column":10}},"15":{"start":{"line":16,"column":0},"end":{"line":16,"column":1}},"17":{"start":{"line":18,"column":0},"end":{"line":18,"column":32}}},"s":{"0":1,"1":1,"3":3,"4":3,"5":3,"6":3,"7":3,"8":3,"9":3,"10":3,"11":3,"12":3,"13":3,"15":3,"17":1},"branchMap":{"0":{"type":"branch","line":4,"loc":{"start":{"line":4,"column":0},"end":{"line":16,"column":1}},"locations":[{"start":{"line":4,"column":0},"end":{"line":16,"column":1}}]},"1":{"type":"branch","line":10,"loc":{"start":{"line":10,"column":20},"end":{"line":10,"column":36}},"locations":[{"start":{"line":10,"column":20},"end":{"line":10,"column":36}}]}},"b":{"0":[3],"1":[1]},"fnMap":{"0":{"name":"EducationSection","decl":{"start":{"line":4,"column":0},"end":{"line":16,"column":1}},"loc":{"start":{"line":4,"column":0},"end":{"line":16,"column":1}},"line":4}},"f":{"0":3}}
,"C:\\Users\\ASUS\\Desktop\\sw project\\Front-end\\src\\pages\\UserProfile\\Components\\Sections\\ExperienceSection.jsx": {"path":"C:\\Users\\ASUS\\Desktop\\sw project\\Front-end\\src\\pages\\UserProfile\\Components\\Sections\\ExperienceSection.jsx","all":false,"statementMap":{"0":{"start":{"line":1,"column":0},"end":{"line":1,"column":26}},"1":{"start":{"line":2,"column":0},"end":{"line":2,"column":62}},"3":{"start":{"line":4,"column":0},"end":{"line":4,"column":59}},"4":{"start":{"line":5,"column":0},"end":{"line":5,"column":10}},"5":{"start":{"line":6,"column":0},"end":{"line":6,"column":26}},"6":{"start":{"line":7,"column":0},"end":{"line":7,"column":21}},"7":{"start":{"line":8,"column":0},"end":{"line":8,"column":26}},"8":{"start":{"line":9,"column":0},"end":{"line":9,"column":25}},"9":{"start":{"line":10,"column":0},"end":{"line":10,"column":37}},"10":{"start":{"line":11,"column":0},"end":{"line":11,"column":25}},"11":{"start":{"line":12,"column":0},"end":{"line":12,"column":39}},"12":{"start":{"line":13,"column":0},"end":{"line":13,"column":8}},"13":{"start":{"line":14,"column":0},"end":{"line":14,"column":10}},"15":{"start":{"line":16,"column":0},"end":{"line":16,"column":1}},"17":{"start":{"line":18,"column":0},"end":{"line":18,"column":33}}},"s":{"0":1,"1":1,"3":3,"4":3,"5":3,"6":3,"7":3,"8":3,"9":3,"10":3,"11":3,"12":3,"13":3,"15":3,"17":1},"branchMap":{"0":{"type":"branch","line":4,"loc":{"start":{"line":4,"column":0},"end":{"line":16,"column":1}},"locations":[{"start":{"line":4,"column":0},"end":{"line":16,"column":1}}]},"1":{"type":"branch","line":10,"loc":{"start":{"line":10,"column":20},"end":{"line":10,"column":37}},"locations":[{"start":{"line":10,"column":20},"end":{"line":10,"column":37}}]}},"b":{"0":[3],"1":[1]},"fnMap":{"0":{"name":"ExperienceSection","decl":{"start":{"line":4,"column":0},"end":{"line":16,"column":1}},"loc":{"start":{"line":4,"column":0},"end":{"line":16,"column":1}},"line":4}},"f":{"0":3}}
,"C:\\Users\\ASUS\\Desktop\\sw project\\Front-end\\src\\pages\\UserProfile\\Components\\Sections\\SkillsSection.jsx": {"path":"C:\\Users\\ASUS\\Desktop\\sw project\\Front-end\\src\\pages\\UserProfile\\Components\\Sections\\SkillsSection.jsx","all":false,"statementMap":{"0":{"start":{"line":1,"column":0},"end":{"line":1,"column":26}},"1":{"start":{"line":2,"column":0},"end":{"line":2,"column":62}},"2":{"start":{"line":3,"column":0},"end":{"line":3,"column":43}},"3":{"start":{"line":4,"column":0},"end":{"line":4,"column":10}},"4":{"start":{"line":5,"column":0},"end":{"line":5,"column":19}},"5":{"start":{"line":6,"column":0},"end":{"line":6,"column":20}},"6":{"start":{"line":7,"column":0},"end":{"line":7,"column":19}},"7":{"start":{"line":8,"column":0},"end":{"line":8,"column":31}},"8":{"start":{"line":9,"column":0},"end":{"line":9,"column":23}},"9":{"start":{"line":10,"column":0},"end":{"line":10,"column":37}},"10":{"start":{"line":11,"column":0},"end":{"line":11,"column":6}},"12":{"start":{"line":13,"column":0},"end":{"line":13,"column":1}},"14":{"start":{"line":15,"column":0},"end":{"line":15,"column":29}}},"s":{"0":1,"1":1,"2":3,"3":3,"4":3,"5":3,"6":3,"7":3,"8":3,"9":3,"10":3,"12":3,"14":1},"branchMap":{"0":{"type":"branch","line":3,"loc":{"start":{"line":3,"column":0},"end":{"line":13,"column":1}},"locations":[{"start":{"line":3,"column":0},"end":{"line":13,"column":1}}]},"1":{"type":"branch","line":8,"loc":{"start":{"line":8,"column":18},"end":{"line":8,"column":31}},"locations":[{"start":{"line":8,"column":18},"end":{"line":8,"column":31}}]}},"b":{"0":[3],"1":[1]},"fnMap":{"0":{"name":"SkillsSection","decl":{"start":{"line":3,"column":0},"end":{"line":13,"column":1}},"loc":{"start":{"line":3,"column":0},"end":{"line":13,"column":1}},"line":3}},"f":{"0":3}}
}
